#
# There is insufficient memory for the Java Runtime Environment to continue.
# Native memory allocation (malloc) failed to allocate 1131056 bytes for Chunk::new
# Possible reasons:
#   The system is out of physical RAM or swap space
#   The process is running with CompressedOops enabled, and the Java Heap may be blocking the growth of the native heap
# Possible solutions:
#   Reduce memory load on the system
#   Increase physical memory or swap space
#   Check if swap backing store is full
#   Decrease Java heap size (-Xmx/-Xms)
#   Decrease number of Java threads
#   Decrease Java thread stack sizes (-Xss)
#   Set larger code cache with -XX:ReservedCodeCacheSize=
#   JVM is running with Unscaled Compressed Oops mode in which the Java heap is
#     placed in the first 4GB address space. The Java Heap base address is the
#     maximum limit for the native heap growth. Please use -XX:HeapBaseMinAddress
#     to set the Java Heap base and to place the Java Heap above 4GB virtual address.
# This output file may be truncated or incomplete.
#
#  Out of Memory Error (arena.cpp:189), pid=4512, tid=15332
#
# JRE version: Java(TM) SE Runtime Environment (17.0.12+8) (build 17.0.12+8-LTS-286)
# Java VM: Java HotSpot(TM) 64-Bit Server VM (17.0.12+8-LTS-286, mixed mode, sharing, tiered, compressed oops, compressed class ptrs, g1 gc, windows-amd64)
# No core dump will be written. Minidumps are not enabled by default on client versions of Windows
#

---------------  S U M M A R Y ------------

Command Line: -javaagent:C:\Program Files\JetBrains\IntelliJ IDEA Community Edition 2023.3.2\lib\idea_rt.jar=64979:C:\Program Files\JetBrains\IntelliJ IDEA Community Edition 2023.3.2\bin -Dfile.encoding=UTF-8 com.authservice.AuthserviceApplication

Host: Intel(R) Core(TM) i5-3210M CPU @ 2.50GHz, 4 cores, 3G,  Windows 10 , 64 bit Build 19041 (10.0.19041.5915)
Time: Mon Jun 16 08:24:58 2025 India Standard Time elapsed time: 26.337427 seconds (0d 0h 0m 26s)

---------------  T H R E A D  ---------------

Current thread (0x0000016d3dbeaa50):  JavaThread "C2 CompilerThread0" daemon [_thread_in_native, id=15332, stack(0x0000001fdcc00000,0x0000001fdcd00000)]


Current CompileTask:
C2:  26337 5768       4       jdk.internal.org.objectweb.asm.MethodWriter::computeAllFrames (510 bytes)

Stack: [0x0000001fdcc00000,0x0000001fdcd00000]
Native frames: (J=compiled Java code, j=interpreted, Vv=VM code, C=native code)
V  [jvm.dll+0x67a04a]
V  [jvm.dll+0x7da4ed]
V  [jvm.dll+0x7dbe33]
V  [jvm.dll+0x7dc4a3]
V  [jvm.dll+0x24508f]
V  [jvm.dll+0xab773]
V  [jvm.dll+0xabd3c]
V  [jvm.dll+0x361b9f]
V  [jvm.dll+0x32c431]
V  [jvm.dll+0x32b8ca]
V  [jvm.dll+0x21683f]
V  [jvm.dll+0x215c6f]
V  [jvm.dll+0x1a2960]
V  [jvm.dll+0x22610b]
V  [jvm.dll+0x2242ab]
V  [jvm.dll+0x79075c]
V  [jvm.dll+0x78abea]
V  [jvm.dll+0x678f35]
C  [ucrtbase.dll+0x21bb2]
C  [KERNEL32.DLL+0x17374]
C  [ntdll.dll+0x4cc91]


---------------  P R O C E S S  ---------------

Threads class SMR info:
_java_thread_list=0x0000016d06b5d6f0, length=18, elements={
0x0000016d22a48ce0, 0x0000016d22b02240, 0x0000016d22b030c0, 0x0000016d3dbe6010,
0x0000016d3dbe89e0, 0x0000016d3dbe93a0, 0x0000016d3dbe9d60, 0x0000016d3dbeaa50,
0x0000016d3dc57af0, 0x0000016d3dc58100, 0x0000016d7f030390, 0x0000016d7f830c80,
0x0000016d7f831160, 0x0000016d0446a970, 0x0000016d7fb13b40, 0x0000016d046108c0,
0x0000016d0460f480, 0x0000016d046103b0
}

Java Threads: ( => current thread )
  0x0000016d22a48ce0 JavaThread "main" [_thread_blocked, id=13748, stack(0x0000001fdbf00000,0x0000001fdc000000)]
  0x0000016d22b02240 JavaThread "Reference Handler" daemon [_thread_blocked, id=12212, stack(0x0000001fdc600000,0x0000001fdc700000)]
  0x0000016d22b030c0 JavaThread "Finalizer" daemon [_thread_blocked, id=5160, stack(0x0000001fdc700000,0x0000001fdc800000)]
  0x0000016d3dbe6010 JavaThread "Signal Dispatcher" daemon [_thread_blocked, id=2412, stack(0x0000001fdc800000,0x0000001fdc900000)]
  0x0000016d3dbe89e0 JavaThread "Attach Listener" daemon [_thread_blocked, id=11176, stack(0x0000001fdc900000,0x0000001fdca00000)]
  0x0000016d3dbe93a0 JavaThread "Service Thread" daemon [_thread_blocked, id=1556, stack(0x0000001fdca00000,0x0000001fdcb00000)]
  0x0000016d3dbe9d60 JavaThread "Monitor Deflation Thread" daemon [_thread_blocked, id=12576, stack(0x0000001fdcb00000,0x0000001fdcc00000)]
=>0x0000016d3dbeaa50 JavaThread "C2 CompilerThread0" daemon [_thread_in_native, id=15332, stack(0x0000001fdcc00000,0x0000001fdcd00000)]
  0x0000016d3dc57af0 JavaThread "C1 CompilerThread0" daemon [_thread_blocked, id=14980, stack(0x0000001fdcd00000,0x0000001fdce00000)]
  0x0000016d3dc58100 JavaThread "Sweeper thread" daemon [_thread_blocked, id=8304, stack(0x0000001fdce00000,0x0000001fdcf00000)]
  0x0000016d7f030390 JavaThread "Common-Cleaner" daemon [_thread_blocked, id=10144, stack(0x0000001fdcf00000,0x0000001fdd000000)]
  0x0000016d7f830c80 JavaThread "Monitor Ctrl-Break" daemon [_thread_in_native, id=9916, stack(0x0000001fdd100000,0x0000001fdd200000)]
  0x0000016d7f831160 JavaThread "Notification Thread" daemon [_thread_blocked, id=7072, stack(0x0000001fdd200000,0x0000001fdd300000)]
  0x0000016d0446a970 JavaThread "Thread-0" [_thread_blocked, id=5436, stack(0x0000001fdd600000,0x0000001fdd700000)]
  0x0000016d7fb13b40 JavaThread "restartedMain" [_thread_in_Java, id=14156, stack(0x0000001fdd700000,0x0000001fdd800000)]
  0x0000016d046108c0 JavaThread "mysql-cj-abandoned-connection-cleanup" daemon [_thread_blocked, id=11328, stack(0x0000001fdd900000,0x0000001fdda00000)]
  0x0000016d0460f480 JavaThread "HikariPool-1:housekeeper" daemon [_thread_blocked, id=10068, stack(0x0000001fdda00000,0x0000001fddb00000)]
  0x0000016d046103b0 JavaThread "HikariPool-1:connection-adder" daemon [_thread_blocked, id=1736, stack(0x0000001fddb00000,0x0000001fddc00000)]

Other Threads:
  0x0000016d22afc5d0 VMThread "VM Thread" [stack: 0x0000001fdc500000,0x0000001fdc600000] [id=5984]
  0x0000016d7f7d8a20 WatcherThread [stack: 0x0000001fdd300000,0x0000001fdd400000] [id=9564]
  0x0000016d22a831d0 GCTaskThread "GC Thread#0" [stack: 0x0000001fdc000000,0x0000001fdc100000] [id=12320]
  0x0000016d7f622c90 GCTaskThread "GC Thread#1" [stack: 0x0000001fdd000000,0x0000001fdd100000] [id=8736]
  0x0000016d7f884e90 GCTaskThread "GC Thread#2" [stack: 0x0000001fdd400000,0x0000001fdd500000] [id=12588]
  0x0000016d7f885150 GCTaskThread "GC Thread#3" [stack: 0x0000001fdd500000,0x0000001fdd600000] [id=10204]
  0x0000016d22a8cc30 ConcurrentGCThread "G1 Main Marker" [stack: 0x0000001fdc100000,0x0000001fdc200000] [id=6592]
  0x0000016d22a8d640 ConcurrentGCThread "G1 Conc#0" [stack: 0x0000001fdc200000,0x0000001fdc300000] [id=6060]
  0x0000016d22acabd0 ConcurrentGCThread "G1 Refine#0" [stack: 0x0000001fdc300000,0x0000001fdc400000] [id=428]
  0x0000016d22acc610 ConcurrentGCThread "G1 Service" [stack: 0x0000001fdc400000,0x0000001fdc500000] [id=9472]

Threads with active compile tasks:
C2 CompilerThread0    26393 5768       4       jdk.internal.org.objectweb.asm.MethodWriter::computeAllFrames (510 bytes)

VM state: not at safepoint (normal execution)

VM Mutex/Monitor currently owned by a thread: None

Heap address: 0x00000000c2800000, size: 984 MB, Compressed Oops mode: 32-bit

CDS archive(s) mapped at: [0x0000016d3e000000-0x0000016d3ebd0000-0x0000016d3ebd0000), size 12386304, SharedBaseAddress: 0x0000016d3e000000, ArchiveRelocationMode: 1.
Compressed class space mapped at: 0x0000016d3f000000-0x0000016d7f000000, reserved size: 1073741824
Narrow klass base: 0x0000016d3e000000, Narrow klass shift: 0, Narrow klass range: 0x100000000

GC Precious Log:
 CPUs: 4 total, 4 available
 Memory: 3934M
 Large Page Support: Disabled
 NUMA Support: Disabled
 Compressed Oops: Enabled (32-bit)
 Heap Region Size: 1M
 Heap Min Capacity: 8M
 Heap Initial Capacity: 62M
 Heap Max Capacity: 984M
 Pre-touch: Disabled
 Parallel Workers: 4
 Concurrent Workers: 1
 Concurrent Refinement Workers: 4
 Periodic GC: Disabled

Heap:
 garbage-first heap   total 66560K, used 41002K [0x00000000c2800000, 0x0000000100000000)
  region size 1024K, 7 young (7168K), 3 survivors (3072K)
 Metaspace       used 63003K, committed 63552K, reserved 1114112K
  class space    used 8549K, committed 8832K, reserved 1048576K

Heap Regions: E=young(eden), S=young(survivor), O=old, HS=humongous(starts), HC=humongous(continues), CS=collection set, F=free, OA=open archive, CA=closed archive, TAMS=top-at-mark-start (previous, next)
|   0|0x00000000c2800000, 0x00000000c2900000, 0x00000000c2900000|100%|HS|  |TAMS 0x00000000c2900000, 0x00000000c2800000| Complete 
|   1|0x00000000c2900000, 0x00000000c2a00000, 0x00000000c2a00000|100%|HS|  |TAMS 0x00000000c2a00000, 0x00000000c2900000| Complete 
|   2|0x00000000c2a00000, 0x00000000c2b00000, 0x00000000c2b00000|100%|HS|  |TAMS 0x00000000c2b00000, 0x00000000c2a00000| Complete 
|   3|0x00000000c2b00000, 0x00000000c2c00000, 0x00000000c2c00000|100%| O|  |TAMS 0x00000000c2c00000, 0x00000000c2b00000| Untracked 
|   4|0x00000000c2c00000, 0x00000000c2d00000, 0x00000000c2d00000|100%| O|  |TAMS 0x00000000c2d00000, 0x00000000c2c00000| Untracked 
|   5|0x00000000c2d00000, 0x00000000c2e00000, 0x00000000c2e00000|100%| O|  |TAMS 0x00000000c2e00000, 0x00000000c2d00000| Untracked 
|   6|0x00000000c2e00000, 0x00000000c2f00000, 0x00000000c2f00000|100%| O|  |TAMS 0x00000000c2f00000, 0x00000000c2e00000| Untracked 
|   7|0x00000000c2f00000, 0x00000000c3000000, 0x00000000c3000000|100%| O|  |TAMS 0x00000000c3000000, 0x00000000c2f00000| Untracked 
|   8|0x00000000c3000000, 0x00000000c3100000, 0x00000000c3100000|100%| O|  |TAMS 0x00000000c3100000, 0x00000000c3000000| Untracked 
|   9|0x00000000c3100000, 0x00000000c3200000, 0x00000000c3200000|100%| O|  |TAMS 0x00000000c3200000, 0x00000000c3100000| Untracked 
|  10|0x00000000c3200000, 0x00000000c3300000, 0x00000000c3300000|100%| O|  |TAMS 0x00000000c3300000, 0x00000000c3200000| Untracked 
|  11|0x00000000c3300000, 0x00000000c3400000, 0x00000000c3400000|100%| O|  |TAMS 0x00000000c3400000, 0x00000000c3300000| Untracked 
|  12|0x00000000c3400000, 0x00000000c3500000, 0x00000000c3500000|100%| O|  |TAMS 0x00000000c3500000, 0x00000000c3400000| Untracked 
|  13|0x00000000c3500000, 0x00000000c3600000, 0x00000000c3600000|100%| O|  |TAMS 0x00000000c3600000, 0x00000000c3500000| Untracked 
|  14|0x00000000c3600000, 0x00000000c3700000, 0x00000000c3700000|100%| O|  |TAMS 0x00000000c3700000, 0x00000000c3600000| Untracked 
|  15|0x00000000c3700000, 0x00000000c3800000, 0x00000000c3800000|100%| O|  |TAMS 0x00000000c3800000, 0x00000000c3700000| Untracked 
|  16|0x00000000c3800000, 0x00000000c3900000, 0x00000000c3900000|100%| O|  |TAMS 0x00000000c3900000, 0x00000000c3800000| Untracked 
|  17|0x00000000c3900000, 0x00000000c3a00000, 0x00000000c3a00000|100%| O|  |TAMS 0x00000000c3a00000, 0x00000000c3900000| Untracked 
|  18|0x00000000c3a00000, 0x00000000c3b00000, 0x00000000c3b00000|100%| O|  |TAMS 0x00000000c3b00000, 0x00000000c3a00000| Untracked 
|  19|0x00000000c3b00000, 0x00000000c3c00000, 0x00000000c3c00000|100%| O|  |TAMS 0x00000000c3c00000, 0x00000000c3b00000| Untracked 
|  20|0x00000000c3c00000, 0x00000000c3d00000, 0x00000000c3d00000|100%| O|  |TAMS 0x00000000c3d00000, 0x00000000c3c00000| Untracked 
|  21|0x00000000c3d00000, 0x00000000c3e00000, 0x00000000c3e00000|100%| O|  |TAMS 0x00000000c3e00000, 0x00000000c3d00000| Untracked 
|  22|0x00000000c3e00000, 0x00000000c3f00000, 0x00000000c3f00000|100%| O|  |TAMS 0x00000000c3f00000, 0x00000000c3e00000| Untracked 
|  23|0x00000000c3f00000, 0x00000000c4000000, 0x00000000c4000000|100%| O|  |TAMS 0x00000000c4000000, 0x00000000c3f00000| Untracked 
|  24|0x00000000c4000000, 0x00000000c4100000, 0x00000000c4100000|100%| O|  |TAMS 0x00000000c4100000, 0x00000000c4000000| Untracked 
|  25|0x00000000c4100000, 0x00000000c4200000, 0x00000000c4200000|100%| O|  |TAMS 0x00000000c4200000, 0x00000000c4100000| Untracked 
|  26|0x00000000c4200000, 0x00000000c4300000, 0x00000000c4300000|100%| O|  |TAMS 0x00000000c4300000, 0x00000000c4200000| Untracked 
|  27|0x00000000c4300000, 0x00000000c4400000, 0x00000000c4400000|100%| O|  |TAMS 0x00000000c4400000, 0x00000000c4300000| Untracked 
|  28|0x00000000c4400000, 0x00000000c4500000, 0x00000000c4500000|100%| O|  |TAMS 0x00000000c4500000, 0x00000000c4400000| Untracked 
|  29|0x00000000c4500000, 0x00000000c4600000, 0x00000000c4600000|100%| O|  |TAMS 0x00000000c4600000, 0x00000000c4500000| Untracked 
|  30|0x00000000c4600000, 0x00000000c4700000, 0x00000000c4700000|100%| O|  |TAMS 0x00000000c4700000, 0x00000000c4600000| Untracked 
|  31|0x00000000c4700000, 0x00000000c4800000, 0x00000000c4800000|100%| O|  |TAMS 0x00000000c4800000, 0x00000000c4700000| Untracked 
|  32|0x00000000c4800000, 0x00000000c4900000, 0x00000000c4900000|100%| O|  |TAMS 0x00000000c4900000, 0x00000000c4800000| Untracked 
|  33|0x00000000c4900000, 0x00000000c4a00000, 0x00000000c4a00000|100%| O|  |TAMS 0x00000000c4a00000, 0x00000000c4900000| Untracked 
|  34|0x00000000c4a00000, 0x00000000c4afb600, 0x00000000c4b00000| 98%| O|  |TAMS 0x00000000c4afb600, 0x00000000c4a00000| Untracked 
|  35|0x00000000c4b00000, 0x00000000c4b00000, 0x00000000c4c00000|  0%| F|  |TAMS 0x00000000c4b00000, 0x00000000c4b00000| Untracked 
|  36|0x00000000c4c00000, 0x00000000c4c00000, 0x00000000c4d00000|  0%| F|  |TAMS 0x00000000c4c00000, 0x00000000c4c00000| Untracked 
|  37|0x00000000c4d00000, 0x00000000c4d00000, 0x00000000c4e00000|  0%| F|  |TAMS 0x00000000c4d00000, 0x00000000c4d00000| Untracked 
|  38|0x00000000c4e00000, 0x00000000c4e00000, 0x00000000c4f00000|  0%| F|  |TAMS 0x00000000c4e00000, 0x00000000c4e00000| Untracked 
|  39|0x00000000c4f00000, 0x00000000c4f00000, 0x00000000c5000000|  0%| F|  |TAMS 0x00000000c4f00000, 0x00000000c4f00000| Untracked 
|  40|0x00000000c5000000, 0x00000000c5000000, 0x00000000c5100000|  0%| F|  |TAMS 0x00000000c5000000, 0x00000000c5000000| Untracked 
|  41|0x00000000c5100000, 0x00000000c5100000, 0x00000000c5200000|  0%| F|  |TAMS 0x00000000c5100000, 0x00000000c5100000| Untracked 
|  42|0x00000000c5200000, 0x00000000c5200000, 0x00000000c5300000|  0%| F|  |TAMS 0x00000000c5200000, 0x00000000c5200000| Untracked 
|  43|0x00000000c5300000, 0x00000000c5300000, 0x00000000c5400000|  0%| F|  |TAMS 0x00000000c5300000, 0x00000000c5300000| Untracked 
|  44|0x00000000c5400000, 0x00000000c540f2d0, 0x00000000c5500000|  5%| S|CS|TAMS 0x00000000c5400000, 0x00000000c5400000| Complete 
|  45|0x00000000c5500000, 0x00000000c5500000, 0x00000000c5600000|  0%| F|  |TAMS 0x00000000c5500000, 0x00000000c5500000| Untracked 
|  46|0x00000000c5600000, 0x00000000c5600000, 0x00000000c5700000|  0%| F|  |TAMS 0x00000000c5600000, 0x00000000c5600000| Untracked 
|  47|0x00000000c5700000, 0x00000000c5800000, 0x00000000c5800000|100%| S|CS|TAMS 0x00000000c5700000, 0x00000000c5700000| Complete 
|  48|0x00000000c5800000, 0x00000000c5900000, 0x00000000c5900000|100%| S|CS|TAMS 0x00000000c5800000, 0x00000000c5800000| Complete 
|  49|0x00000000c5900000, 0x00000000c5900000, 0x00000000c5a00000|  0%| F|  |TAMS 0x00000000c5900000, 0x00000000c5900000| Untracked 
|  50|0x00000000c5a00000, 0x00000000c5a00000, 0x00000000c5b00000|  0%| F|  |TAMS 0x00000000c5a00000, 0x00000000c5a00000| Untracked 
|  51|0x00000000c5b00000, 0x00000000c5b00000, 0x00000000c5c00000|  0%| F|  |TAMS 0x00000000c5b00000, 0x00000000c5b00000| Untracked 
|  52|0x00000000c5c00000, 0x00000000c5c00000, 0x00000000c5d00000|  0%| F|  |TAMS 0x00000000c5c00000, 0x00000000c5c00000| Untracked 
|  53|0x00000000c5d00000, 0x00000000c5d00000, 0x00000000c5e00000|  0%| F|  |TAMS 0x00000000c5d00000, 0x00000000c5d00000| Untracked 
|  54|0x00000000c5e00000, 0x00000000c5e00000, 0x00000000c5f00000|  0%| F|  |TAMS 0x00000000c5e00000, 0x00000000c5e00000| Untracked 
|  55|0x00000000c5f00000, 0x00000000c5f00000, 0x00000000c6000000|  0%| F|  |TAMS 0x00000000c5f00000, 0x00000000c5f00000| Untracked 
|  56|0x00000000c6000000, 0x00000000c6000000, 0x00000000c6100000|  0%| F|  |TAMS 0x00000000c6000000, 0x00000000c6000000| Untracked 
|  57|0x00000000c6100000, 0x00000000c6100000, 0x00000000c6200000|  0%| F|  |TAMS 0x00000000c6100000, 0x00000000c6100000| Untracked 
|  58|0x00000000c6200000, 0x00000000c6200000, 0x00000000c6300000|  0%| F|  |TAMS 0x00000000c6200000, 0x00000000c6200000| Untracked 
|  59|0x00000000c6300000, 0x00000000c6300000, 0x00000000c6400000|  0%| F|  |TAMS 0x00000000c6300000, 0x00000000c6300000| Untracked 
|  60|0x00000000c6400000, 0x00000000c6400000, 0x00000000c6500000|  0%| F|  |TAMS 0x00000000c6400000, 0x00000000c6400000| Untracked 
|  61|0x00000000c6500000, 0x00000000c659db28, 0x00000000c6600000| 61%| E|  |TAMS 0x00000000c6500000, 0x00000000c6500000| Complete 
|  62|0x00000000c6600000, 0x00000000c6700000, 0x00000000c6700000|100%| E|CS|TAMS 0x00000000c6600000, 0x00000000c6600000| Complete 
|  63|0x00000000c6700000, 0x00000000c6800000, 0x00000000c6800000|100%| E|CS|TAMS 0x00000000c6700000, 0x00000000c6700000| Complete 
|  64|0x00000000c6800000, 0x00000000c6900000, 0x00000000c6900000|100%| E|CS|TAMS 0x00000000c6800000, 0x00000000c6800000| Complete 

Card table byte_map: [0x0000016d394f0000,0x0000016d396e0000] _byte_map_base: 0x0000016d38edc000

Marking Bits (Prev, Next): (CMBitMap*) 0x0000016d22a84840, (CMBitMap*) 0x0000016d22a84800
 Prev Bits: [0x0000016d3a830000, 0x0000016d3b790000)
 Next Bits: [0x0000016d398d0000, 0x0000016d3a830000)

Polling page: 0x0000016d20be0000

Metaspace:

Usage:
  Non-class:     53.18 MB used.
      Class:      8.35 MB used.
       Both:     61.53 MB used.

Virtual space:
  Non-class space:       64.00 MB reserved,      53.44 MB ( 83%) committed,  1 nodes.
      Class space:        1.00 GB reserved,       8.62 MB ( <1%) committed,  1 nodes.
             Both:        1.06 GB reserved,      62.06 MB (  6%) committed. 

Chunk freelists:
   Non-Class:  10.28 MB
       Class:  7.41 MB
        Both:  17.69 MB

MaxMetaspaceSize: unlimited
CompressedClassSpaceSize: 1.00 GB
Initial GC threshold: 21.00 MB
Current GC threshold: 97.12 MB
CDS: on
MetaspaceReclaimPolicy: balanced
 - commit_granule_bytes: 65536.
 - commit_granule_words: 8192.
 - virtual_space_node_default_size: 8388608.
 - enlarge_chunks_in_place: 1.
 - new_chunks_are_fully_committed: 0.
 - uncommit_free_chunks: 1.
 - use_allocation_guard: 0.
 - handle_deallocations: 1.


Internal statistics:

num_allocs_failed_limit: 9.
num_arena_births: 690.
num_arena_deaths: 0.
num_vsnodes_births: 2.
num_vsnodes_deaths: 0.
num_space_committed: 993.
num_space_uncommitted: 0.
num_chunks_returned_to_freelist: 9.
num_chunks_taken_from_freelist: 2855.
num_chunk_merges: 9.
num_chunk_splits: 2081.
num_chunks_enlarged: 1639.
num_inconsistent_stats: 0.

CodeHeap 'non-profiled nmethods': size=120000Kb used=3029Kb max_used=3029Kb free=116970Kb
 bounds [0x0000016d31dd0000, 0x0000016d320d0000, 0x0000016d39300000]
CodeHeap 'profiled nmethods': size=120000Kb used=10598Kb max_used=10598Kb free=109401Kb
 bounds [0x0000016d2a300000, 0x0000016d2ad60000, 0x0000016d31830000]
CodeHeap 'non-nmethods': size=5760Kb used=1337Kb max_used=1351Kb free=4423Kb
 bounds [0x0000016d31830000, 0x0000016d31aa0000, 0x0000016d31dd0000]
 total_blobs=5715 nmethods=5048 adapters=579
 compilation: enabled
              stopped_count=0, restarted_count=0
 full_count=0

Compilation events (20 events):
Event: 26.197 Thread 0x0000016d3dc57af0 nmethod 5766 0x0000016d2ad4bb90 code [0x0000016d2ad4bda0, 0x0000016d2ad4c3a8]
Event: 26.197 Thread 0x0000016d3dc57af0 5767       3       java.util.StringJoiner::add (110 bytes)
Event: 26.198 Thread 0x0000016d3dbeaa50 5768       4       jdk.internal.org.objectweb.asm.MethodWriter::computeAllFrames (510 bytes)
Event: 26.198 Thread 0x0000016d3dc57af0 nmethod 5767 0x0000016d2ad4c590 code [0x0000016d2ad4c7e0, 0x0000016d2ad4d298]
Event: 26.207 Thread 0x0000016d3dc57af0 5771       3       java.util.HashSet::iterator (13 bytes)
Event: 26.207 Thread 0x0000016d3dc57af0 nmethod 5771 0x0000016d2ad4d610 code [0x0000016d2ad4d7c0, 0x0000016d2ad4da58]
Event: 26.211 Thread 0x0000016d3dc57af0 5779       3       java.lang.invoke.MethodHandle::viewAsType (33 bytes)
Event: 26.211 Thread 0x0000016d3dc57af0 nmethod 5779 0x0000016d2ad4db90 code [0x0000016d2ad4dd40, 0x0000016d2ad4df28]
Event: 26.211 Thread 0x0000016d3dc57af0 5780       3       java.lang.invoke.DelegatingMethodHandle$Holder::delegate (25 bytes)
Event: 26.211 Thread 0x0000016d3dc57af0 nmethod 5780 0x0000016d2ad4e010 code [0x0000016d2ad4e1e0, 0x0000016d2ad4e768]
Event: 26.211 Thread 0x0000016d3dc57af0 5781   !   3       java.lang.invoke.StringConcatFactory::makeConcatWithConstants (251 bytes)
Event: 26.216 Thread 0x0000016d3dc57af0 nmethod 5781 0x0000016d2ad4e890 code [0x0000016d2ad4ede0, 0x0000016d2ad51348]
Event: 26.216 Thread 0x0000016d3dc57af0 5782       3       java.lang.invoke.LambdaFormEditor::filterArgumentsForm (74 bytes)
Event: 26.216 Thread 0x0000016d3dc57af0 nmethod 5782 0x0000016d2ad52310 code [0x0000016d2ad524e0, 0x0000016d2ad52778]
Event: 26.255 Thread 0x0000016d3dc57af0 5784       3       java.lang.AbstractStringBuilder::append (55 bytes)
Event: 26.256 Thread 0x0000016d3dc57af0 nmethod 5784 0x0000016d2ad52890 code [0x0000016d2ad52a60, 0x0000016d2ad52d98]
Event: 26.257 Thread 0x0000016d3dc57af0 5785       3       java.lang.reflect.ProxyGenerator$ProxyMethod::codeWrapArgument (148 bytes)
Event: 26.265 Thread 0x0000016d3dc57af0 nmethod 5785 0x0000016d2ad52f10 code [0x0000016d2ad53180, 0x0000016d2ad53df8]
Event: 26.294 Thread 0x0000016d3dc57af0 5788       2       org.springframework.util.ReflectionUtils::findDefaultMethodsOnInterfaces (97 bytes)
Event: 26.294 Thread 0x0000016d3dc57af0 nmethod 5788 0x0000016d2ad54110 code [0x0000016d2ad54300, 0x0000016d2ad54718]

GC Heap History (20 events):
Event: 18.326 GC heap before
{Heap before GC invocations=9 (full 0):
 garbage-first heap   total 63488K, used 47949K [0x00000000c2800000, 0x0000000100000000)
  region size 1024K, 26 young (26624K), 2 survivors (2048K)
 Metaspace       used 29464K, committed 29824K, reserved 1114112K
  class space    used 3768K, committed 3904K, reserved 1048576K
}
Event: 18.332 GC heap after
{Heap after GC invocations=10 (full 0):
 garbage-first heap   total 63488K, used 24767K [0x00000000c2800000, 0x0000000100000000)
  region size 1024K, 4 young (4096K), 4 survivors (4096K)
 Metaspace       used 29464K, committed 29824K, reserved 1114112K
  class space    used 3768K, committed 3904K, reserved 1048576K
}
Event: 19.519 GC heap before
{Heap before GC invocations=10 (full 0):
 garbage-first heap   total 63488K, used 48319K [0x00000000c2800000, 0x0000000100000000)
  region size 1024K, 27 young (27648K), 4 survivors (4096K)
 Metaspace       used 33495K, committed 33856K, reserved 1114112K
  class space    used 4330K, committed 4480K, reserved 1048576K
}
Event: 19.528 GC heap after
{Heap after GC invocations=11 (full 0):
 garbage-first heap   total 63488K, used 27429K [0x00000000c2800000, 0x0000000100000000)
  region size 1024K, 4 young (4096K), 4 survivors (4096K)
 Metaspace       used 33495K, committed 33856K, reserved 1114112K
  class space    used 4330K, committed 4480K, reserved 1048576K
}
Event: 19.946 GC heap before
{Heap before GC invocations=11 (full 0):
 garbage-first heap   total 63488K, used 54053K [0x00000000c2800000, 0x0000000100000000)
  region size 1024K, 25 young (25600K), 4 survivors (4096K)
 Metaspace       used 33864K, committed 34304K, reserved 1114112K
  class space    used 4364K, committed 4608K, reserved 1048576K
}
Event: 19.956 GC heap after
{Heap after GC invocations=12 (full 0):
 garbage-first heap   total 63488K, used 31112K [0x00000000c2800000, 0x0000000100000000)
  region size 1024K, 4 young (4096K), 4 survivors (4096K)
 Metaspace       used 33864K, committed 34304K, reserved 1114112K
  class space    used 4364K, committed 4608K, reserved 1048576K
}
Event: 20.518 GC heap before
{Heap before GC invocations=12 (full 0):
 garbage-first heap   total 63488K, used 41352K [0x00000000c2800000, 0x0000000100000000)
  region size 1024K, 14 young (14336K), 4 survivors (4096K)
 Metaspace       used 35499K, committed 35968K, reserved 1114112K
  class space    used 4587K, committed 4800K, reserved 1048576K
}
Event: 20.524 GC heap after
{Heap after GC invocations=13 (full 0):
 garbage-first heap   total 63488K, used 31927K [0x00000000c2800000, 0x0000000100000000)
  region size 1024K, 2 young (2048K), 2 survivors (2048K)
 Metaspace       used 35499K, committed 35968K, reserved 1114112K
  class space    used 4587K, committed 4800K, reserved 1048576K
}
Event: 21.317 GC heap before
{Heap before GC invocations=14 (full 0):
 garbage-first heap   total 63488K, used 48311K [0x00000000c2800000, 0x0000000100000000)
  region size 1024K, 19 young (19456K), 2 survivors (2048K)
 Metaspace       used 39853K, committed 40384K, reserved 1114112K
  class space    used 5261K, committed 5504K, reserved 1048576K
}
Event: 21.323 GC heap after
{Heap after GC invocations=15 (full 0):
 garbage-first heap   total 63488K, used 32579K [0x00000000c2800000, 0x0000000100000000)
  region size 1024K, 2 young (2048K), 2 survivors (2048K)
 Metaspace       used 39853K, committed 40384K, reserved 1114112K
  class space    used 5261K, committed 5504K, reserved 1048576K
}
Event: 22.342 GC heap before
{Heap before GC invocations=16 (full 0):
 garbage-first heap   total 63488K, used 49987K [0x00000000c2800000, 0x0000000100000000)
  region size 1024K, 19 young (19456K), 2 survivors (2048K)
 Metaspace       used 44863K, committed 45312K, reserved 1114112K
  class space    used 5934K, committed 6144K, reserved 1048576K
}
Event: 22.351 GC heap after
{Heap after GC invocations=17 (full 0):
 garbage-first heap   total 63488K, used 34503K [0x00000000c2800000, 0x0000000100000000)
  region size 1024K, 3 young (3072K), 3 survivors (3072K)
 Metaspace       used 44863K, committed 45312K, reserved 1114112K
  class space    used 5934K, committed 6144K, reserved 1048576K
}
Event: 23.906 GC heap before
{Heap before GC invocations=17 (full 0):
 garbage-first heap   total 63488K, used 50887K [0x00000000c2800000, 0x0000000100000000)
  region size 1024K, 19 young (19456K), 3 survivors (3072K)
 Metaspace       used 50739K, committed 51200K, reserved 1114112K
  class space    used 6711K, committed 6912K, reserved 1048576K
}
Event: 23.913 GC heap after
{Heap after GC invocations=18 (full 0):
 garbage-first heap   total 63488K, used 35998K [0x00000000c2800000, 0x0000000100000000)
  region size 1024K, 2 young (2048K), 2 survivors (2048K)
 Metaspace       used 50739K, committed 51200K, reserved 1114112K
  class space    used 6711K, committed 6912K, reserved 1048576K
}
Event: 24.527 GC heap before
{Heap before GC invocations=19 (full 0):
 garbage-first heap   total 65536K, used 50334K [0x00000000c2800000, 0x0000000100000000)
  region size 1024K, 16 young (16384K), 2 survivors (2048K)
 Metaspace       used 53824K, committed 54336K, reserved 1114112K
  class space    used 7086K, committed 7360K, reserved 1048576K
}
Event: 24.532 GC heap after
{Heap after GC invocations=20 (full 0):
 garbage-first heap   total 65536K, used 36463K [0x00000000c2800000, 0x0000000100000000)
  region size 1024K, 1 young (1024K), 1 survivors (1024K)
 Metaspace       used 53824K, committed 54336K, reserved 1114112K
  class space    used 7086K, committed 7360K, reserved 1048576K
}
Event: 25.460 GC heap before
{Heap before GC invocations=20 (full 0):
 garbage-first heap   total 65536K, used 51823K [0x00000000c2800000, 0x0000000100000000)
  region size 1024K, 17 young (17408K), 1 survivors (1024K)
 Metaspace       used 58872K, committed 59392K, reserved 1114112K
  class space    used 7946K, committed 8192K, reserved 1048576K
}
Event: 25.463 GC heap after
{Heap after GC invocations=21 (full 0):
 garbage-first heap   total 65536K, used 37010K [0x00000000c2800000, 0x0000000100000000)
  region size 1024K, 2 young (2048K), 2 survivors (2048K)
 Metaspace       used 58872K, committed 59392K, reserved 1114112K
  class space    used 7946K, committed 8192K, reserved 1048576K
}
Event: 26.258 GC heap before
{Heap before GC invocations=22 (full 0):
 garbage-first heap   total 66560K, used 52370K [0x00000000c2800000, 0x0000000100000000)
  region size 1024K, 18 young (18432K), 2 survivors (2048K)
 Metaspace       used 62556K, committed 63104K, reserved 1114112K
  class space    used 8493K, committed 8768K, reserved 1048576K
}
Event: 26.265 GC heap after
{Heap after GC invocations=23 (full 0):
 garbage-first heap   total 66560K, used 37930K [0x00000000c2800000, 0x0000000100000000)
  region size 1024K, 3 young (3072K), 3 survivors (3072K)
 Metaspace       used 62556K, committed 63104K, reserved 1114112K
  class space    used 8493K, committed 8768K, reserved 1048576K
}

Deoptimization events (20 events):
Event: 25.240 Thread 0x0000016d046108c0 Uncommon trap: trap_request=0xffffff45 fr.pc=0x0000016d31fafb30 relative=0x0000000000003710
Event: 25.240 Thread 0x0000016d046108c0 Uncommon trap: reason=unstable_if action=reinterpret pc=0x0000016d31fafb30 method=java.net.URL.<init>(Ljava/net/URL;Ljava/lang/String;Ljava/net/URLStreamHandler;)V @ 57 c2
Event: 25.240 Thread 0x0000016d046108c0 DEOPT PACKING pc=0x0000016d31fafb30 sp=0x0000001fdd9feac0
Event: 25.240 Thread 0x0000016d046108c0 DEOPT UNPACKING pc=0x0000016d318823a3 sp=0x0000001fdd9fea70 mode 2
Event: 25.998 Thread 0x0000016d7fb13b40 Uncommon trap: trap_request=0xffffffc6 fr.pc=0x0000016d31e7f500 relative=0x0000000000000ca0
Event: 25.998 Thread 0x0000016d7fb13b40 Uncommon trap: reason=bimorphic_or_optimized_type_check action=maybe_recompile pc=0x0000016d31e7f500 method=java.util.HashMap.putVal(ILjava/lang/Object;Ljava/lang/Object;ZZ)Ljava/lang/Object; @ 253 c2
Event: 25.998 Thread 0x0000016d7fb13b40 DEOPT PACKING pc=0x0000016d31e7f500 sp=0x0000001fdd7f8dc0
Event: 25.998 Thread 0x0000016d7fb13b40 DEOPT UNPACKING pc=0x0000016d318823a3 sp=0x0000001fdd7f8d50 mode 2
Event: 26.152 Thread 0x0000016d7fb13b40 Uncommon trap: trap_request=0xffffff45 fr.pc=0x0000016d320be5dc relative=0x000000000000099c
Event: 26.152 Thread 0x0000016d7fb13b40 Uncommon trap: reason=unstable_if action=reinterpret pc=0x0000016d320be5dc method=java.lang.Integer.stringSize(I)I @ 19 c2
Event: 26.152 Thread 0x0000016d7fb13b40 DEOPT PACKING pc=0x0000016d320be5dc sp=0x0000001fdd7f9340
Event: 26.152 Thread 0x0000016d7fb13b40 DEOPT UNPACKING pc=0x0000016d318823a3 sp=0x0000001fdd7f9298 mode 2
Event: 26.212 Thread 0x0000016d7fb13b40 Uncommon trap: trap_request=0xffffff45 fr.pc=0x0000016d32061a58 relative=0x00000000000001b8
Event: 26.214 Thread 0x0000016d7fb13b40 Uncommon trap: reason=unstable_if action=reinterpret pc=0x0000016d32061a58 method=java.util.ArrayDeque.addLast(Ljava/lang/Object;)V @ 42 c2
Event: 26.214 Thread 0x0000016d7fb13b40 DEOPT PACKING pc=0x0000016d32061a58 sp=0x0000001fdd7fae00
Event: 26.214 Thread 0x0000016d7fb13b40 DEOPT UNPACKING pc=0x0000016d318823a3 sp=0x0000001fdd7fad58 mode 2
Event: 26.315 Thread 0x0000016d7fb13b40 Uncommon trap: trap_request=0xffffff45 fr.pc=0x0000016d32065378 relative=0x0000000000000378
Event: 26.315 Thread 0x0000016d7fb13b40 Uncommon trap: reason=unstable_if action=reinterpret pc=0x0000016d32065378 method=java.util.HashMap.putMapEntries(Ljava/util/Map;Z)V @ 53 c2
Event: 26.315 Thread 0x0000016d7fb13b40 DEOPT PACKING pc=0x0000016d32065378 sp=0x0000001fdd7facb0
Event: 26.315 Thread 0x0000016d7fb13b40 DEOPT UNPACKING pc=0x0000016d318823a3 sp=0x0000001fdd7fac28 mode 2

Classes unloaded (0 events):
No events

Classes redefined (0 events):
No events

Internal exceptions (20 events):
Event: 23.337 Thread 0x0000016d7fb13b40 Exception <a 'java/lang/NoSuchMethodError'{0x00000000c5eba970}: 'java.lang.Object java.lang.invoke.Invokers$Holder.linkToTargetMethod(java.lang.Object, java.lang.Object, java.lang.Object, java.lang.Object, java.lang.Object, java.lang.Object, java.lang.Object, java.lang.Object)'> (0x00000000c5eba970) 
thrown [s\open\src\hotspot\share\interpreter\linkResolver.cpp, line 759]
Event: 24.471 Thread 0x0000016d7fb13b40 Exception <a 'java/lang/IncompatibleClassChangeError'{0x00000000c5b7cfe8}: Found class java.lang.Object, but interface was expected> (0x00000000c5b7cfe8) 
thrown [s\open\src\hotspot\share\interpreter\linkResolver.cpp, line 826]
Event: 24.507 Thread 0x0000016d7fb13b40 Exception <a 'java/lang/NoSuchMethodError'{0x00000000c5a58660}: 'java.lang.Object java.lang.invoke.DirectMethodHandle$Holder.invokeStatic(java.lang.Object, java.lang.Object, int, java.lang.Object)'> (0x00000000c5a58660) 
thrown [s\open\src\hotspot\share\interpreter\linkResolver.cpp, line 759]
Event: 24.507 Thread 0x0000016d7fb13b40 Exception <a 'java/lang/NoSuchMethodError'{0x00000000c5a5c8f0}: 'java.lang.Object java.lang.invoke.DirectMethodHandle$Holder.invokeStaticInit(java.lang.Object, java.lang.Object, int, java.lang.Object)'> (0x00000000c5a5c8f0) 
thrown [s\open\src\hotspot\share\interpreter\linkResolver.cpp, line 759]
Event: 25.669 Thread 0x0000016d7fb13b40 Exception <a 'java/lang/NoSuchMethodError'{0x00000000c659b978}: 'void java.lang.invoke.DirectMethodHandle$Holder.invokeInterface(java.lang.Object, java.lang.Object, int, java.lang.Object)'> (0x00000000c659b978) 
thrown [s\open\src\hotspot\share\interpreter\linkResolver.cpp, line 759]
Event: 25.678 Thread 0x0000016d7fb13b40 Exception <a 'java/lang/NoSuchMethodError'{0x00000000c65c4e50}: 'java.lang.Object java.lang.invoke.DirectMethodHandle$Holder.newInvokeSpecial(java.lang.Object, java.lang.Object, int, java.lang.Object)'> (0x00000000c65c4e50) 
thrown [s\open\src\hotspot\share\interpreter\linkResolver.cpp, line 759]
Event: 25.680 Thread 0x0000016d7fb13b40 Exception <a 'java/lang/NoSuchMethodError'{0x00000000c65c9210}: 'java.lang.Object java.lang.invoke.Invokers$Holder.linkToTargetMethod(java.lang.Object, int, java.lang.Object, java.lang.Object)'> (0x00000000c65c9210) 
thrown [s\open\src\hotspot\share\interpreter\linkResolver.cpp, line 759]
Event: 25.727 Thread 0x0000016d7fb13b40 Exception <a 'java/lang/NoSuchMethodError'{0x00000000c64afbf8}: 'void java.lang.invoke.DirectMethodHandle$Holder.invokeSpecial(java.lang.Object, java.lang.Object, java.lang.Object, java.lang.Object, java.lang.Object, java.lang.Object, java.lang.Object, java.lang.Object)'> (0x00000000c64afbf8) 
thrown [s\open\src\hotspot\share\interpreter\linkResolver.cpp, line 759]
Event: 25.739 Thread 0x0000016d7fb13b40 Exception <a 'java/lang/NoSuchMethodError'{0x00000000c64f21d0}: 'void java.lang.invoke.DirectMethodHandle$Holder.invokeSpecial(java.lang.Object, java.lang.Object, int, java.lang.Object)'> (0x00000000c64f21d0) 
thrown [s\open\src\hotspot\share\interpreter\linkResolver.cpp, line 759]
Event: 25.740 Thread 0x0000016d7fb13b40 Exception <a 'java/lang/NoSuchMethodError'{0x00000000c64f98d0}: 'java.lang.Object java.lang.invoke.DirectMethodHandle$Holder.newInvokeSpecial(java.lang.Object, java.lang.Object, int)'> (0x00000000c64f98d0) 
thrown [s\open\src\hotspot\share\interpreter\linkResolver.cpp, line 759]
Event: 25.798 Thread 0x0000016d7fb13b40 Exception <a 'java/lang/NoSuchMethodError'{0x00000000c626ef50}: 'int java.lang.invoke.DirectMethodHandle$Holder.invokeStatic(java.lang.Object, int, java.lang.Object)'> (0x00000000c626ef50) 
thrown [s\open\src\hotspot\share\interpreter\linkResolver.cpp, line 759]
Event: 25.805 Thread 0x0000016d7fb13b40 Exception <a 'java/lang/NoSuchMethodError'{0x00000000c6290af0}: 'java.lang.Object java.lang.invoke.DirectMethodHandle$Holder.newInvokeSpecial(java.lang.Object, java.lang.Object, java.lang.Object, java.lang.Object, java.lang.Object, int, java.lang.Object)'> (0x00000000c6290af0) 
thrown [s\open\src\hotspot\share\interpreter\linkResolver.cpp, line 759]
Event: 25.818 Thread 0x0000016d7fb13b40 Exception <a 'java/lang/NoSuchMethodError'{0x00000000c62ca550}: 'java.lang.Object java.lang.invoke.DirectMethodHandle$Holder.newInvokeSpecial(java.lang.Object, java.lang.Object, java.lang.Object, java.lang.Object, java.lang.Object, java.lang.Object, java.lang.Object, java.lang.Object, java.lang.Object, java.lang.Object, java.lang.Object, java.lang.Object)'> (0x00000000c62ca550) 
thrown [s\open\src\hotspot\share\interpreter\linkResolver.cpp, line 759]
Event: 25.818 Thread 0x0000016d7fb13b40 Exception <a 'java/lang/NoSuchMethodError'{0x00000000c62cfc40}: 'java.lang.Object java.lang.invoke.DirectMethodHandle$Holder.invokeSpecial(java.lang.Object, java.lang.Object, java.lang.Object, java.lang.Object, java.lang.Object, java.lang.Object, java.lang.Object, java.lang.Object, java.lang.Object, java.lang.Object, java.lang.Object, java.lang.Object, java.lang.Object)'> (0x00000000c62cfc40) 
thrown [s\open\src\hotspot\share\interpreter\linkResolver.cpp, line 759]
Event: 25.819 Thread 0x0000016d7fb13b40 Exception <a 'java/lang/NoSuchMethodError'{0x00000000c62d4f10}: 'java.lang.Object java.lang.invoke.Invokers$Holder.linkToTargetMethod(java.lang.Object, java.lang.Object, java.lang.Object, java.lang.Object, java.lang.Object, java.lang.Object, java.lang.Object, java.lang.Object, java.lang.Object, java.lang.Object, java.lang.Object, java.lang.Object)'> (0x00000000c62d4f10) 
thrown [s\open\src\hotspot\share\interpreter\linkResolver.cpp, line 759]
Event: 25.896 Thread 0x0000016d7fb13b40 Exception <a 'java/lang/IncompatibleClassChangeError'{0x00000000c6071570}: Found class java.lang.Object, but interface was expected> (0x00000000c6071570) 
thrown [s\open\src\hotspot\share\interpreter\linkResolver.cpp, line 826]
Event: 25.921 Thread 0x0000016d7fb13b40 Exception <a 'java/lang/NoSuchMethodError'{0x00000000c60f6668}: 'java.lang.Object java.lang.invoke.DirectMethodHandle$Holder.newInvokeSpecial(java.lang.Object, java.lang.Object, java.lang.Object, java.lang.Object, java.lang.Object, java.lang.Object, java.lang.Object, int)'> (0x00000000c60f6668) 
thrown [s\open\src\hotspot\share\interpreter\linkResolver.cpp, line 759]
Event: 25.922 Thread 0x0000016d7fb13b40 Exception <a 'java/lang/NoSuchMethodError'{0x00000000c60fbe58}: 'java.lang.Object java.lang.invoke.DirectMethodHandle$Holder.invokeSpecial(java.lang.Object, java.lang.Object, java.lang.Object, java.lang.Object, java.lang.Object, java.lang.Object, java.lang.Object, java.lang.Object, int)'> (0x00000000c60fbe58) 
thrown [s\open\src\hotspot\share\interpreter\linkResolver.cpp, line 759]
Event: 25.922 Thread 0x0000016d7fb13b40 Exception <a 'java/lang/NoSuchMethodError'{0x00000000c5f019c8}: 'java.lang.Object java.lang.invoke.Invokers$Holder.linkToTargetMethod(java.lang.Object, java.lang.Object, java.lang.Object, java.lang.Object, java.lang.Object, java.lang.Object, int, java.lang.Object)'> (0x00000000c5f019c8) 
thrown [s\open\src\hotspot\share\interpreter\linkResolver.cpp, line 759]
Event: 26.324 Thread 0x0000016d7fb13b40 Exception <a 'java/lang/IncompatibleClassChangeError'{0x00000000c67916f8}: Found class java.lang.Object, but interface was expected> (0x00000000c67916f8) 
thrown [s\open\src\hotspot\share\interpreter\linkResolver.cpp, line 826]

VM Operations (20 events):
Event: 24.000 Executing VM operation: G1Concurrent
Event: 24.007 Executing VM operation: G1Concurrent done
Event: 24.044 Executing VM operation: G1Concurrent
Event: 24.044 Executing VM operation: G1Concurrent done
Event: 24.527 Executing VM operation: G1CollectForAllocation
Event: 24.532 Executing VM operation: G1CollectForAllocation done
Event: 25.033 Executing VM operation: HandshakeAllThreads
Event: 25.033 Executing VM operation: HandshakeAllThreads done
Event: 25.092 Executing VM operation: HandshakeAllThreads
Event: 25.092 Executing VM operation: HandshakeAllThreads done
Event: 25.440 Executing VM operation: HandshakeAllThreads
Event: 25.440 Executing VM operation: HandshakeAllThreads done
Event: 25.459 Executing VM operation: G1CollectForAllocation
Event: 25.463 Executing VM operation: G1CollectForAllocation done
Event: 25.557 Executing VM operation: G1Concurrent
Event: 25.563 Executing VM operation: G1Concurrent done
Event: 25.603 Executing VM operation: G1Concurrent
Event: 25.603 Executing VM operation: G1Concurrent done
Event: 26.258 Executing VM operation: G1CollectForAllocation
Event: 26.266 Executing VM operation: G1CollectForAllocation done

Events (20 events):
Event: 24.163 loading class java/util/stream/ReduceOps$1ReducingSink
Event: 24.164 loading class java/util/stream/ReduceOps$1ReducingSink done
Event: 24.305 loading class javax/naming/RefAddr
Event: 24.306 loading class javax/naming/RefAddr done
Event: 24.306 loading class javax/naming/StringRefAddr
Event: 24.306 loading class javax/naming/StringRefAddr done
Event: 24.357 loading class java/util/concurrent/CompletableFuture$AltResult
Event: 24.357 loading class java/util/concurrent/CompletableFuture$AltResult done
Event: 24.358 loading class java/util/concurrent/CompletableFuture$Completion
Event: 24.358 loading class java/util/concurrent/CompletableFuture$AsynchronousCompletionTask
Event: 24.358 loading class java/util/concurrent/CompletableFuture$AsynchronousCompletionTask done
Event: 24.358 loading class java/util/concurrent/CompletableFuture$Completion done
Event: 24.457 loading class java/util/concurrent/CancellationException
Event: 24.457 loading class java/util/concurrent/CancellationException done
Event: 25.252 loading class java/lang/reflect/AnnotatedArrayType
Event: 25.253 loading class java/lang/reflect/AnnotatedArrayType done
Event: 25.640 loading class jdk/internal/reflect/UnsafeLongFieldAccessorImpl
Event: 25.640 loading class jdk/internal/reflect/UnsafeLongFieldAccessorImpl done
Event: 26.193 loading class javax/naming/Reference
Event: 26.194 loading class javax/naming/Reference done


Dynamic libraries:
0x00007ff670e80000 - 0x00007ff670e90000 	C:\Program Files\Java\jdk-17\bin\java.exe
0x00007ff96c9b0000 - 0x00007ff96cba8000 	C:\Windows\SYSTEM32\ntdll.dll
0x00007ff96ba80000 - 0x00007ff96bb42000 	C:\Windows\System32\KERNEL32.DLL
0x00007ff96a150000 - 0x00007ff96a446000 	C:\Windows\System32\KERNELBASE.dll
0x00007ff96a670000 - 0x00007ff96a770000 	C:\Windows\System32\ucrtbase.dll
0x00007ff9664f0000 - 0x00007ff966509000 	C:\Program Files\Java\jdk-17\bin\jli.dll
0x00007ff96b210000 - 0x00007ff96b2c1000 	C:\Windows\System32\ADVAPI32.dll
0x00007ff96b330000 - 0x00007ff96b3ce000 	C:\Windows\System32\msvcrt.dll
0x00007ff9664d0000 - 0x00007ff9664eb000 	C:\Program Files\Java\jdk-17\bin\VCRUNTIME140.dll
0x00007ff96b600000 - 0x00007ff96b69f000 	C:\Windows\System32\sechost.dll
0x00007ff96b070000 - 0x00007ff96b193000 	C:\Windows\System32\RPCRT4.dll
0x00007ff96a610000 - 0x00007ff96a637000 	C:\Windows\System32\bcrypt.dll
0x00007ff96b400000 - 0x00007ff96b59d000 	C:\Windows\System32\USER32.dll
0x00007ff96a640000 - 0x00007ff96a662000 	C:\Windows\System32\win32u.dll
0x00007ff95d570000 - 0x00007ff95d80a000 	C:\Windows\WinSxS\amd64_microsoft.windows.common-controls_6595b64144ccf1df_6.0.19041.5915_none_60b4b9d171f9c7c7\COMCTL32.dll
0x00007ff96b3d0000 - 0x00007ff96b3fb000 	C:\Windows\System32\GDI32.dll
0x00007ff96a4f0000 - 0x00007ff96a609000 	C:\Windows\System32\gdi32full.dll
0x00007ff96a450000 - 0x00007ff96a4ed000 	C:\Windows\System32\msvcp_win.dll
0x00007ff95df00000 - 0x00007ff95df0a000 	C:\Windows\SYSTEM32\VERSION.dll
0x00007ff96c0a0000 - 0x00007ff96c0cf000 	C:\Windows\System32\IMM32.DLL
0x00007ff966660000 - 0x00007ff96666c000 	C:\Program Files\Java\jdk-17\bin\vcruntime140_1.dll
0x00007ff946cc0000 - 0x00007ff946d4e000 	C:\Program Files\Java\jdk-17\bin\msvcp140.dll
0x00007ff8ed920000 - 0x00007ff8ee500000 	C:\Program Files\Java\jdk-17\bin\server\jvm.dll
0x00007ff96c0d0000 - 0x00007ff96c0d8000 	C:\Windows\System32\PSAPI.DLL
0x00007ff95f9e0000 - 0x00007ff95f9e9000 	C:\Windows\SYSTEM32\WSOCK32.dll
0x00007ff96b1a0000 - 0x00007ff96b20b000 	C:\Windows\System32\WS2_32.dll
0x00007ff95ded0000 - 0x00007ff95def7000 	C:\Windows\SYSTEM32\WINMM.dll
0x00007ff967ec0000 - 0x00007ff967ed2000 	C:\Windows\SYSTEM32\kernel.appcore.dll
0x00007ff9664c0000 - 0x00007ff9664ca000 	C:\Program Files\Java\jdk-17\bin\jimage.dll
0x00007ff95d810000 - 0x00007ff95da11000 	C:\Windows\SYSTEM32\DBGHELP.DLL
0x00007ff95bfc0000 - 0x00007ff95bff4000 	C:\Windows\SYSTEM32\dbgcore.DLL
0x00007ff96a0c0000 - 0x00007ff96a142000 	C:\Windows\System32\bcryptPrimitives.dll
0x00007ff966490000 - 0x00007ff96649e000 	C:\Program Files\Java\jdk-17\bin\instrument.dll
0x00007ff956030000 - 0x00007ff956055000 	C:\Program Files\Java\jdk-17\bin\java.dll
0x00007ff944800000 - 0x00007ff9448d7000 	C:\Program Files\Java\jdk-17\bin\jsvml.dll
0x00007ff96c0e0000 - 0x00007ff96c84e000 	C:\Windows\System32\SHELL32.dll
0x00007ff9680c0000 - 0x00007ff968864000 	C:\Windows\SYSTEM32\windows.storage.dll
0x00007ff96aaa0000 - 0x00007ff96adf3000 	C:\Windows\System32\combase.dll
0x00007ff969a70000 - 0x00007ff969a9b000 	C:\Windows\SYSTEM32\Wldp.dll
0x00007ff96b6a0000 - 0x00007ff96b76d000 	C:\Windows\System32\OLEAUT32.dll
0x00007ff96a9d0000 - 0x00007ff96aa7d000 	C:\Windows\System32\SHCORE.dll
0x00007ff96b770000 - 0x00007ff96b7cb000 	C:\Windows\System32\shlwapi.dll
0x00007ff969f70000 - 0x00007ff969f95000 	C:\Windows\SYSTEM32\profapi.dll
0x00007ff952230000 - 0x00007ff952248000 	C:\Program Files\Java\jdk-17\bin\zip.dll
0x00007ff9561f0000 - 0x00007ff956209000 	C:\Program Files\Java\jdk-17\bin\net.dll
0x00007ff9620c0000 - 0x00007ff9621ca000 	C:\Windows\SYSTEM32\WINHTTP.dll
0x00007ff9697d0000 - 0x00007ff96983a000 	C:\Windows\system32\mswsock.dll
0x00007ff956070000 - 0x00007ff956086000 	C:\Program Files\Java\jdk-17\bin\nio.dll
0x00007ff94d7d0000 - 0x00007ff94d7ea000 	C:\Program Files\JetBrains\IntelliJ IDEA Community Edition 2023.3.2\bin\breakgen64.dll
0x00007ff966480000 - 0x00007ff96648a000 	C:\Program Files\Java\jdk-17\bin\management.dll
0x00007ff95c430000 - 0x00007ff95c43b000 	C:\Program Files\Java\jdk-17\bin\management_ext.dll
0x00007ff969460000 - 0x00007ff96949b000 	C:\Windows\SYSTEM32\IPHLPAPI.DLL
0x00007ff96ae00000 - 0x00007ff96ae08000 	C:\Windows\System32\NSI.dll
0x00007ff963220000 - 0x00007ff963237000 	C:\Windows\SYSTEM32\dhcpcsvc6.DLL
0x00007ff964140000 - 0x00007ff96415d000 	C:\Windows\SYSTEM32\dhcpcsvc.DLL
0x00007ff9694a0000 - 0x00007ff96956a000 	C:\Windows\SYSTEM32\DNSAPI.dll
0x00007ff95eda0000 - 0x00007ff95edaa000 	C:\Windows\System32\rasadhlp.dll
0x00007ff95edc0000 - 0x00007ff95ee40000 	C:\Windows\System32\fwpuclnt.dll
0x00007ff95c210000 - 0x00007ff95c21e000 	C:\Program Files\Java\jdk-17\bin\sunmscapi.dll
0x00007ff96a870000 - 0x00007ff96a9cd000 	C:\Windows\System32\CRYPT32.dll
0x00007ff969ae0000 - 0x00007ff969b07000 	C:\Windows\SYSTEM32\ncrypt.dll
0x00007ff969aa0000 - 0x00007ff969adb000 	C:\Windows\SYSTEM32\NTASN1.dll
0x00007ff9699d0000 - 0x00007ff9699e8000 	C:\Windows\SYSTEM32\CRYPTSP.dll
0x00007ff969080000 - 0x00007ff9690b8000 	C:\Windows\system32\rsaenh.dll
0x00007ff969f30000 - 0x00007ff969f5e000 	C:\Windows\SYSTEM32\USERENV.dll
0x00007ff9699c0000 - 0x00007ff9699cc000 	C:\Windows\SYSTEM32\CRYPTBASE.dll
0x00007ff95c1e0000 - 0x00007ff95c1f0000 	C:\Program Files\Java\jdk-17\bin\verify.dll

dbghelp: loaded successfully - version: 4.0.5 - missing functions: none
symbol engine: initialized successfully - sym options: 0x614 - pdb path: .;C:\Program Files\Java\jdk-17\bin;C:\Windows\SYSTEM32;C:\Windows\WinSxS\amd64_microsoft.windows.common-controls_6595b64144ccf1df_6.0.19041.5915_none_60b4b9d171f9c7c7;C:\Program Files\Java\jdk-17\bin\server;C:\Program Files\JetBrains\IntelliJ IDEA Community Edition 2023.3.2\bin

VM Arguments:
jvm_args: -javaagent:C:\Program Files\JetBrains\IntelliJ IDEA Community Edition 2023.3.2\lib\idea_rt.jar=64979:C:\Program Files\JetBrains\IntelliJ IDEA Community Edition 2023.3.2\bin -Dfile.encoding=UTF-8 
java_command: com.authservice.AuthserviceApplication
java_class_path (initial): D:\PROJECT\Intellij Idea Project\Microservices Project\authservice\target\classes;C:\Users\ADMIN\.m2\repository\org\springframework\boot\spring-boot-starter-data-jpa\3.5.0\spring-boot-starter-data-jpa-3.5.0.jar;C:\Users\ADMIN\.m2\repository\org\springframework\boot\spring-boot-starter\3.5.0\spring-boot-starter-3.5.0.jar;C:\Users\ADMIN\.m2\repository\org\springframework\boot\spring-boot-starter-logging\3.5.0\spring-boot-starter-logging-3.5.0.jar;C:\Users\ADMIN\.m2\repository\ch\qos\logback\logback-classic\1.5.18\logback-classic-1.5.18.jar;C:\Users\ADMIN\.m2\repository\ch\qos\logback\logback-core\1.5.18\logback-core-1.5.18.jar;C:\Users\ADMIN\.m2\repository\org\apache\logging\log4j\log4j-to-slf4j\2.24.3\log4j-to-slf4j-2.24.3.jar;C:\Users\ADMIN\.m2\repository\org\apache\logging\log4j\log4j-api\2.24.3\log4j-api-2.24.3.jar;C:\Users\ADMIN\.m2\repository\org\slf4j\jul-to-slf4j\2.0.17\jul-to-slf4j-2.0.17.jar;C:\Users\ADMIN\.m2\repository\jakarta\annotation\jakarta.annotation-api\2.1.1\jakarta.annotation-api-2.1.1.jar;C:\Users\ADMIN\.m2\repository\org\yaml\snakeyaml\2.4\snakeyaml-2.4.jar;C:\Users\ADMIN\.m2\repository\org\springframework\boot\spring-boot-starter-jdbc\3.5.0\spring-boot-starter-jdbc-3.5.0.jar;C:\Users\ADMIN\.m2\repository\com\zaxxer\HikariCP\6.3.0\HikariCP-6.3.0.jar;C:\Users\ADMIN\.m2\repository\org\springframework\spring-jdbc\6.2.7\spring-jdbc-6.2.7.jar;C:\Users\ADMIN\.m2\repository\org\hibernate\orm\hibernate-core\6.6.15.Final\hibernate-core-6.6.15.Final.jar;C:\Users\ADMIN\.m2\repository\jakarta\persistence\jakarta.persistence-api\3.1.0\jakarta.persistence-api-3.1.0.jar;C:\Users\ADMIN\.m2\repository\jakarta\transaction\jakarta.transaction-api\2.0.1\jakarta.transaction-api-2.0.1.jar;C:\Users\ADMIN\.m2\repository\org\jboss\logging\jboss-logging\3.6.1.Final\jboss-logging-3.6.1.Final.jar;C:\Users\ADMIN\.m2\repository\org\hibernate\common\hibernate-commons-annotations\7.0.3.Final\hibernate-commons-annotations-7.0.3.Final.jar;C:\Users\AD
Launcher Type: SUN_STANDARD

[Global flags]
     intx CICompilerCount                          = 3                                         {product} {ergonomic}
     uint ConcGCThreads                            = 1                                         {product} {ergonomic}
     uint G1ConcRefinementThreads                  = 4                                         {product} {ergonomic}
   size_t G1HeapRegionSize                         = 1048576                                   {product} {ergonomic}
    uintx GCDrainStackTargetSize                   = 64                                        {product} {ergonomic}
   size_t InitialHeapSize                          = 65011712                                  {product} {ergonomic}
   size_t MarkStackSize                            = 4194304                                   {product} {ergonomic}
   size_t MaxHeapSize                              = 1031798784                                {product} {ergonomic}
   size_t MaxNewSize                               = 618659840                                 {product} {ergonomic}
   size_t MinHeapDeltaBytes                        = 1048576                                   {product} {ergonomic}
   size_t MinHeapSize                              = 8388608                                   {product} {ergonomic}
    uintx NonNMethodCodeHeapSize                   = 5832780                                {pd product} {ergonomic}
    uintx NonProfiledCodeHeapSize                  = 122912730                              {pd product} {ergonomic}
    uintx ProfiledCodeHeapSize                     = 122912730                              {pd product} {ergonomic}
    uintx ReservedCodeCacheSize                    = 251658240                              {pd product} {ergonomic}
     bool SegmentedCodeCache                       = true                                      {product} {ergonomic}
   size_t SoftMaxHeapSize                          = 1031798784                             {manageable} {ergonomic}
     bool UseCompressedClassPointers               = true                           {product lp64_product} {ergonomic}
     bool UseCompressedOops                        = true                           {product lp64_product} {ergonomic}
     bool UseG1GC                                  = true                                      {product} {ergonomic}
     bool UseLargePagesIndividualAllocation        = false                                  {pd product} {ergonomic}

Logging:
Log output configuration:
 #0: stdout all=warning uptime,level,tags
 #1: stderr all=off uptime,level,tags

Environment Variables:
JAVA_HOME=C:\Program Files\Java\jdk-17\jdk-17.0.X
PATH=C:\Program Files\Common Files\Oracle\Java\javapath;%JAVA_HOME%\bin;C:\Windows\system32;C:\Windows;C:\Windows\System32\Wbem;C:\Windows\System32\WindowsPowerShell\v1.0\;C:\Windows\System32\OpenSSH\;C:\Program Files\Git\cmd;E:\Kafka\apache-zookeeper-3.8.4-bin\bin;C:\Program Files\Java\jdk-17\bin;C:\Program Files\Java\jdk-17\jdk-17.0.X\bin;C:\Program Files (x86)\Common Files\Oracle\Java\javapath;C:\Windows\system32;C:\Windows;C:\Windows\System32\Wbem;C:\Windows\System32\WindowsPowerShell\v1.0\;C:\Windows\System32\OpenSSH\;C:\Program Files\Git\cmd;E:\Kafka\apache-zookeeper-3.8.4-bin\bin;C:\Program Files\MySQL\MySQL Shell 8.0\bin\;C:\Users\ADMIN\AppData\Local\Microsoft\WindowsApps;C:\Program Files\MongoDB\mongosh-2.1.1-win32-x64\mongosh-2.1.1-win32-x64\bin;C:\Program Files\MongoDB\Server\7.0\bin;
USERNAME=Subham Kumar
OS=Windows_NT
PROCESSOR_IDENTIFIER=Intel64 Family 6 Model 58 Stepping 9, GenuineIntel



---------------  S Y S T E M  ---------------

OS:
 Windows 10 , 64 bit Build 19041 (10.0.19041.5915)
OS uptime: 0 days 9:26 hours

CPU: total 4 (initial active 4) (2 cores per cpu, 2 threads per core) family 6 model 58 stepping 9 microcode 0x21, cx8, cmov, fxsr, ht, mmx, sse, sse2, sse3, ssse3, sse4.1, sse4.2, popcnt, tsc, tscinvbit, avx, aes, erms, clmul, vzeroupper, clflush

Memory: 4k page, system-wide physical 3934M (311M free)
TotalPageFile size 16222M (AvailPageFile size 3M)
current process WorkingSet (physical memory assigned to process): 230M, peak: 230M
current process commit charge ("private bytes"): 263M, peak: 264M

vm_info: Java HotSpot(TM) 64-Bit Server VM (17.0.12+8-LTS-286) for windows-amd64 JRE (17.0.12+8-LTS-286), built on Jun  5 2024 06:46:59 by "mach5one" with MS VC++ 17.6 (VS2022)

END.
