#
# There is insufficient memory for the Java Runtime Environment to continue.
# Native memory allocation (malloc) failed to allocate 940336 bytes for Chunk::new
# Possible reasons:
#   The system is out of physical RAM or swap space
#   The process is running with CompressedOops enabled, and the Java Heap may be blocking the growth of the native heap
# Possible solutions:
#   Reduce memory load on the system
#   Increase physical memory or swap space
#   Check if swap backing store is full
#   Decrease Java heap size (-Xmx/-Xms)
#   Decrease number of Java threads
#   Decrease Java thread stack sizes (-Xss)
#   Set larger code cache with -XX:ReservedCodeCacheSize=
#   JVM is running with Unscaled Compressed Oops mode in which the Java heap is
#     placed in the first 4GB address space. The Java Heap base address is the
#     maximum limit for the native heap growth. Please use -XX:HeapBaseMinAddress
#     to set the Java Heap base and to place the Java Heap above 4GB virtual address.
# This output file may be truncated or incomplete.
#
#  Out of Memory Error (arena.cpp:189), pid=15036, tid=11364
#
# JRE version: Java(TM) SE Runtime Environment (17.0.12+8) (build 17.0.12+8-LTS-286)
# Java VM: Java HotSpot(TM) 64-Bit Server VM (17.0.12+8-LTS-286, mixed mode, sharing, tiered, compressed oops, compressed class ptrs, g1 gc, windows-amd64)
# No core dump will be written. Minidumps are not enabled by default on client versions of Windows
#

---------------  S U M M A R Y ------------

Command Line: -javaagent:C:\Program Files\JetBrains\IntelliJ IDEA Community Edition 2023.3.2\lib\idea_rt.jar=51774:C:\Program Files\JetBrains\IntelliJ IDEA Community Edition 2023.3.2\bin -Dfile.encoding=UTF-8 com.apigateway.ApiGatewayApplication

Host: Intel(R) Core(TM) i5-3210M CPU @ 2.50GHz, 4 cores, 3G,  Windows 10 , 64 bit Build 19041 (10.0.19041.5915)
Time: Mon Jun 16 13:51:10 2025 India Standard Time elapsed time: 163.450380 seconds (0d 0h 2m 43s)

---------------  T H R E A D  ---------------

Current thread (0x0000011afe76c2c0):  JavaThread "C2 CompilerThread0" daemon [_thread_in_native, id=11364, stack(0x0000000ca4800000,0x0000000ca4900000)]


Current CompileTask:
C2: 163451 6613       4       java.lang.reflect.Method::getAnnotation (6 bytes)

Stack: [0x0000000ca4800000,0x0000000ca4900000]
Native frames: (J=compiled Java code, j=interpreted, Vv=VM code, C=native code)
V  [jvm.dll+0x67a04a]
V  [jvm.dll+0x7da4ed]
V  [jvm.dll+0x7dbe33]
V  [jvm.dll+0x7dc4a3]
V  [jvm.dll+0x24508f]
V  [jvm.dll+0xab773]
V  [jvm.dll+0xabd3c]
V  [jvm.dll+0x361b9f]
V  [jvm.dll+0x32c431]
V  [jvm.dll+0x32b8ca]
V  [jvm.dll+0x21683f]
V  [jvm.dll+0x215c6f]
V  [jvm.dll+0x1a2960]
V  [jvm.dll+0x22610b]
V  [jvm.dll+0x2242ab]
V  [jvm.dll+0x79075c]
V  [jvm.dll+0x78abea]
V  [jvm.dll+0x678f35]
C  [ucrtbase.dll+0x21bb2]
C  [KERNEL32.DLL+0x17374]
C  [ntdll.dll+0x4cc91]


---------------  P R O C E S S  ---------------

Threads class SMR info:
_java_thread_list=0x0000011ad70ebf10, length=27, elements={
0x0000011af267fcf0, 0x0000011af2683320, 0x0000011afe761b10, 0x0000011afe7635f0,
0x0000011afe766f70, 0x0000011afe767930, 0x0000011afe76c2c0, 0x0000011afe76ec10,
0x0000011afe784d30, 0x0000011afe75c4e0, 0x0000011afee67ca0, 0x0000011afee68180,
0x0000011ad5609e90, 0x0000011ad56066e0, 0x0000011ad5606bf0, 0x0000011ad5608540,
0x0000011ad5609980, 0x0000011ad5607610, 0x0000011ad5607100, 0x0000011ad5607b20,
0x0000011ad5608030, 0x0000011ad5609470, 0x0000011ad711d620, 0x0000011ad711cc00,
0x0000011ad711f480, 0x0000011ad711d110, 0x0000011ad711c6f0
}

Java Threads: ( => current thread )
  0x0000011af267fcf0 JavaThread "Reference Handler" daemon [_thread_blocked, id=1644, stack(0x0000000ca4200000,0x0000000ca4300000)]
  0x0000011af2683320 JavaThread "Finalizer" daemon [_thread_blocked, id=12804, stack(0x0000000ca4300000,0x0000000ca4400000)]
  0x0000011afe761b10 JavaThread "Signal Dispatcher" daemon [_thread_blocked, id=14816, stack(0x0000000ca4400000,0x0000000ca4500000)]
  0x0000011afe7635f0 JavaThread "Attach Listener" daemon [_thread_blocked, id=14156, stack(0x0000000ca4500000,0x0000000ca4600000)]
  0x0000011afe766f70 JavaThread "Service Thread" daemon [_thread_blocked, id=14696, stack(0x0000000ca4600000,0x0000000ca4700000)]
  0x0000011afe767930 JavaThread "Monitor Deflation Thread" daemon [_thread_blocked, id=15080, stack(0x0000000ca4700000,0x0000000ca4800000)]
=>0x0000011afe76c2c0 JavaThread "C2 CompilerThread0" daemon [_thread_in_native, id=11364, stack(0x0000000ca4800000,0x0000000ca4900000)]
  0x0000011afe76ec10 JavaThread "C1 CompilerThread0" daemon [_thread_blocked, id=14920, stack(0x0000000ca4900000,0x0000000ca4a00000)]
  0x0000011afe784d30 JavaThread "Sweeper thread" daemon [_thread_blocked, id=13068, stack(0x0000000ca4a00000,0x0000000ca4b00000)]
  0x0000011afe75c4e0 JavaThread "Common-Cleaner" daemon [_thread_blocked, id=12928, stack(0x0000000ca4b00000,0x0000000ca4c00000)]
  0x0000011afee67ca0 JavaThread "Monitor Ctrl-Break" daemon [_thread_in_native, id=14712, stack(0x0000000ca4c00000,0x0000000ca4d00000)]
  0x0000011afee68180 JavaThread "Notification Thread" daemon [_thread_blocked, id=15236, stack(0x0000000ca4d00000,0x0000000ca4e00000)]
  0x0000011ad5609e90 JavaThread "boundedElastic-evictor-1" daemon [_thread_blocked, id=596, stack(0x0000000ca5400000,0x0000000ca5500000)]
  0x0000011ad56066e0 JavaThread "File Watcher" daemon [_thread_blocked, id=13476, stack(0x0000000ca5600000,0x0000000ca5700000)]
  0x0000011ad5606bf0 JavaThread "spectator-gauge-polling-0" daemon [_thread_blocked, id=14300, stack(0x0000000ca5700000,0x0000000ca5800000)]
  0x0000011ad5608540 JavaThread "AsyncResolver-bootstrap-%d" daemon [_thread_blocked, id=10264, stack(0x0000000ca5800000,0x0000000ca5900000)]
  0x0000011ad5609980 JavaThread "DiscoveryClient-%d" daemon [_thread_blocked, id=12412, stack(0x0000000ca5a00000,0x0000000ca5b00000)]
  0x0000011ad5607610 JavaThread "DiscoveryClient-%d" daemon [_thread_blocked, id=8436, stack(0x0000000ca5b00000,0x0000000ca5c00000)]
  0x0000011ad5607100 JavaThread "DiscoveryClient-InstanceInfoReplicator-%d" daemon [_thread_blocked, id=14552, stack(0x0000000ca5c00000,0x0000000ca5d00000)]
  0x0000011ad5607b20 JavaThread "reactor-http-nio-1" daemon [_thread_in_native, id=15604, stack(0x0000000ca5d00000,0x0000000ca5e00000)]
  0x0000011ad5608030 JavaThread "server" [_thread_blocked, id=7240, stack(0x0000000ca5e00000,0x0000000ca5f00000)]
  0x0000011ad5609470 JavaThread "DestroyJavaVM" [_thread_blocked, id=11116, stack(0x0000000ca3b00000,0x0000000ca3c00000)]
  0x0000011ad711d620 JavaThread "reactor-http-nio-2" daemon [_thread_in_native, id=15160, stack(0x0000000ca5f00000,0x0000000ca6000000)]
  0x0000011ad711cc00 JavaThread "reactor-http-nio-3" daemon [_thread_in_native, id=4524, stack(0x0000000ca6000000,0x0000000ca6100000)]
  0x0000011ad711f480 JavaThread "DiscoveryClient-HeartbeatExecutor-%d" daemon [_thread_blocked, id=7012, stack(0x0000000ca6100000,0x0000000ca6200000)]
  0x0000011ad711d110 JavaThread "DiscoveryClient-CacheRefreshExecutor-%d" daemon [_thread_blocked, id=16340, stack(0x0000000ca6200000,0x0000000ca6300000)]
  0x0000011ad711c6f0 JavaThread "reactor-http-nio-4" daemon [_thread_in_native, id=15204, stack(0x0000000ca3800000,0x0000000ca3900000)]

Other Threads:
  0x0000011af267a080 VMThread "VM Thread" [stack: 0x0000000ca4100000,0x0000000ca4200000] [id=16152]
  0x0000011afee93c30 WatcherThread [stack: 0x0000000ca4e00000,0x0000000ca4f00000] [id=15272]
  0x0000011af2602640 GCTaskThread "GC Thread#0" [stack: 0x0000000ca3c00000,0x0000000ca3d00000] [id=2560]
  0x0000011afee22160 GCTaskThread "GC Thread#1" [stack: 0x0000000ca4f00000,0x0000000ca5000000] [id=15512]
  0x0000011aff461370 GCTaskThread "GC Thread#2" [stack: 0x0000000ca5000000,0x0000000ca5100000] [id=15472]
  0x0000011aff1874d0 GCTaskThread "GC Thread#3" [stack: 0x0000000ca5100000,0x0000000ca5200000] [id=9044]
  0x0000011af260c0a0 ConcurrentGCThread "G1 Main Marker" [stack: 0x0000000ca3d00000,0x0000000ca3e00000] [id=15784]
  0x0000011af260dac0 ConcurrentGCThread "G1 Conc#0" [stack: 0x0000000ca3e00000,0x0000000ca3f00000] [id=16048]
  0x0000011af26486f0 ConcurrentGCThread "G1 Refine#0" [stack: 0x0000000ca3f00000,0x0000000ca4000000] [id=16024]
  0x0000011af2649120 ConcurrentGCThread "G1 Service" [stack: 0x0000000ca4000000,0x0000000ca4100000] [id=16044]

Threads with active compile tasks:
C2 CompilerThread0   163516 6613       4       java.lang.reflect.Method::getAnnotation (6 bytes)

VM state: not at safepoint (normal execution)

VM Mutex/Monitor currently owned by a thread: None

Heap address: 0x00000000c2800000, size: 984 MB, Compressed Oops mode: 32-bit

CDS archive(s) mapped at: [0x0000011a8f000000-0x0000011a8fbd0000-0x0000011a8fbd0000), size 12386304, SharedBaseAddress: 0x0000011a8f000000, ArchiveRelocationMode: 1.
Compressed class space mapped at: 0x0000011a90000000-0x0000011ad0000000, reserved size: 1073741824
Narrow klass base: 0x0000011a8f000000, Narrow klass shift: 0, Narrow klass range: 0x100000000

GC Precious Log:
 CPUs: 4 total, 4 available
 Memory: 3934M
 Large Page Support: Disabled
 NUMA Support: Disabled
 Compressed Oops: Enabled (32-bit)
 Heap Region Size: 1M
 Heap Min Capacity: 8M
 Heap Initial Capacity: 62M
 Heap Max Capacity: 984M
 Pre-touch: Disabled
 Parallel Workers: 4
 Concurrent Workers: 1
 Concurrent Refinement Workers: 4
 Periodic GC: Disabled

Heap:
 garbage-first heap   total 63488K, used 44019K [0x00000000c2800000, 0x0000000100000000)
  region size 1024K, 16 young (16384K), 2 survivors (2048K)
 Metaspace       used 50572K, committed 51072K, reserved 1114112K
  class space    used 6772K, committed 7040K, reserved 1048576K

Heap Regions: E=young(eden), S=young(survivor), O=old, HS=humongous(starts), HC=humongous(continues), CS=collection set, F=free, OA=open archive, CA=closed archive, TAMS=top-at-mark-start (previous, next)
|   0|0x00000000c2800000, 0x00000000c2900000, 0x00000000c2900000|100%|HS|  |TAMS 0x00000000c2900000, 0x00000000c2800000| Complete 
|   1|0x00000000c2900000, 0x00000000c2a00000, 0x00000000c2a00000|100%| O|  |TAMS 0x00000000c2a00000, 0x00000000c2900000| Untracked 
|   2|0x00000000c2a00000, 0x00000000c2b00000, 0x00000000c2b00000|100%| O|  |TAMS 0x00000000c2b00000, 0x00000000c2a00000| Untracked 
|   3|0x00000000c2b00000, 0x00000000c2c00000, 0x00000000c2c00000|100%| O|  |TAMS 0x00000000c2c00000, 0x00000000c2b00000| Untracked 
|   4|0x00000000c2c00000, 0x00000000c2d00000, 0x00000000c2d00000|100%| O|  |TAMS 0x00000000c2d00000, 0x00000000c2c00000| Untracked 
|   5|0x00000000c2d00000, 0x00000000c2e00000, 0x00000000c2e00000|100%| O|  |TAMS 0x00000000c2e00000, 0x00000000c2d00000| Untracked 
|   6|0x00000000c2e00000, 0x00000000c2f00000, 0x00000000c2f00000|100%| O|  |TAMS 0x00000000c2f00000, 0x00000000c2e00000| Untracked 
|   7|0x00000000c2f00000, 0x00000000c3000000, 0x00000000c3000000|100%| O|  |TAMS 0x00000000c3000000, 0x00000000c2f00000| Untracked 
|   8|0x00000000c3000000, 0x00000000c3100000, 0x00000000c3100000|100%| O|  |TAMS 0x00000000c3100000, 0x00000000c3000000| Untracked 
|   9|0x00000000c3100000, 0x00000000c3200000, 0x00000000c3200000|100%| O|  |TAMS 0x00000000c3200000, 0x00000000c3100000| Untracked 
|  10|0x00000000c3200000, 0x00000000c3300000, 0x00000000c3300000|100%| O|  |TAMS 0x00000000c3300000, 0x00000000c3200000| Untracked 
|  11|0x00000000c3300000, 0x00000000c3400000, 0x00000000c3400000|100%| O|  |TAMS 0x00000000c3400000, 0x00000000c3300000| Untracked 
|  12|0x00000000c3400000, 0x00000000c3500000, 0x00000000c3500000|100%| O|  |TAMS 0x00000000c3500000, 0x00000000c3400000| Untracked 
|  13|0x00000000c3500000, 0x00000000c3600000, 0x00000000c3600000|100%| O|  |TAMS 0x00000000c3600000, 0x00000000c3500000| Untracked 
|  14|0x00000000c3600000, 0x00000000c3700000, 0x00000000c3700000|100%| O|  |TAMS 0x00000000c3700000, 0x00000000c3600000| Untracked 
|  15|0x00000000c3700000, 0x00000000c3800000, 0x00000000c3800000|100%| O|  |TAMS 0x00000000c3800000, 0x00000000c3700000| Untracked 
|  16|0x00000000c3800000, 0x00000000c3900000, 0x00000000c3900000|100%| O|  |TAMS 0x00000000c3900000, 0x00000000c3800000| Untracked 
|  17|0x00000000c3900000, 0x00000000c3a00000, 0x00000000c3a00000|100%| O|  |TAMS 0x00000000c3900000, 0x00000000c3900000| Untracked 
|  18|0x00000000c3a00000, 0x00000000c3b00000, 0x00000000c3b00000|100%| O|  |TAMS 0x00000000c3b00000, 0x00000000c3a00000| Untracked 
|  19|0x00000000c3b00000, 0x00000000c3c00000, 0x00000000c3c00000|100%| O|  |TAMS 0x00000000c3c00000, 0x00000000c3b00000| Untracked 
|  20|0x00000000c3c00000, 0x00000000c3d00000, 0x00000000c3d00000|100%| O|  |TAMS 0x00000000c3cdc600, 0x00000000c3c00000| Untracked 
|  21|0x00000000c3d00000, 0x00000000c3e00000, 0x00000000c3e00000|100%| O|  |TAMS 0x00000000c3d00000, 0x00000000c3d00000| Untracked 
|  22|0x00000000c3e00000, 0x00000000c3f00000, 0x00000000c3f00000|100%| O|  |TAMS 0x00000000c3e00000, 0x00000000c3e00000| Untracked 
|  23|0x00000000c3f00000, 0x00000000c4000000, 0x00000000c4000000|100%| O|  |TAMS 0x00000000c3f00000, 0x00000000c3f00000| Untracked 
|  24|0x00000000c4000000, 0x00000000c4100000, 0x00000000c4100000|100%| O|  |TAMS 0x00000000c4100000, 0x00000000c4000000| Untracked 
|  25|0x00000000c4100000, 0x00000000c4200000, 0x00000000c4200000|100%| O|  |TAMS 0x00000000c4200000, 0x00000000c4100000| Untracked 
|  26|0x00000000c4200000, 0x00000000c4300000, 0x00000000c4300000|100%| O|  |TAMS 0x00000000c4200000, 0x00000000c4200000| Untracked 
|  27|0x00000000c4300000, 0x00000000c4400000, 0x00000000c4400000|100%| O|  |TAMS 0x00000000c4300000, 0x00000000c4300000| Untracked 
|  28|0x00000000c4400000, 0x00000000c4500000, 0x00000000c4500000|100%| O|  |TAMS 0x00000000c4400000, 0x00000000c4400000| Untracked 
|  29|0x00000000c4500000, 0x00000000c4584800, 0x00000000c4600000| 51%| O|  |TAMS 0x00000000c4500000, 0x00000000c4500000| Untracked 
|  30|0x00000000c4600000, 0x00000000c4600000, 0x00000000c4700000|  0%| F|  |TAMS 0x00000000c4600000, 0x00000000c4600000| Untracked 
|  31|0x00000000c4700000, 0x00000000c4700000, 0x00000000c4800000|  0%| F|  |TAMS 0x00000000c4700000, 0x00000000c4700000| Untracked 
|  32|0x00000000c4800000, 0x00000000c4800000, 0x00000000c4900000|  0%| F|  |TAMS 0x00000000c4800000, 0x00000000c4800000| Untracked 
|  33|0x00000000c4900000, 0x00000000c4900000, 0x00000000c4a00000|  0%| F|  |TAMS 0x00000000c4900000, 0x00000000c4900000| Untracked 
|  34|0x00000000c4a00000, 0x00000000c4a00000, 0x00000000c4b00000|  0%| F|  |TAMS 0x00000000c4a00000, 0x00000000c4a00000| Untracked 
|  35|0x00000000c4b00000, 0x00000000c4b00000, 0x00000000c4c00000|  0%| F|  |TAMS 0x00000000c4b00000, 0x00000000c4b00000| Untracked 
|  36|0x00000000c4c00000, 0x00000000c4c00000, 0x00000000c4d00000|  0%| F|  |TAMS 0x00000000c4c00000, 0x00000000c4c00000| Untracked 
|  37|0x00000000c4d00000, 0x00000000c4d00000, 0x00000000c4e00000|  0%| F|  |TAMS 0x00000000c4d00000, 0x00000000c4d00000| Untracked 
|  38|0x00000000c4e00000, 0x00000000c4e00000, 0x00000000c4f00000|  0%| F|  |TAMS 0x00000000c4e00000, 0x00000000c4e00000| Untracked 
|  39|0x00000000c4f00000, 0x00000000c4f00000, 0x00000000c5000000|  0%| F|  |TAMS 0x00000000c4f00000, 0x00000000c4f00000| Untracked 
|  40|0x00000000c5000000, 0x00000000c5000000, 0x00000000c5100000|  0%| F|  |TAMS 0x00000000c5000000, 0x00000000c5000000| Untracked 
|  41|0x00000000c5100000, 0x00000000c5100000, 0x00000000c5200000|  0%| F|  |TAMS 0x00000000c5100000, 0x00000000c5100000| Untracked 
|  42|0x00000000c5200000, 0x00000000c5278460, 0x00000000c5300000| 46%| S|CS|TAMS 0x00000000c5200000, 0x00000000c5200000| Complete 
|  43|0x00000000c5300000, 0x00000000c5400000, 0x00000000c5400000|100%| S|CS|TAMS 0x00000000c5300000, 0x00000000c5300000| Complete 
|  44|0x00000000c5400000, 0x00000000c5400000, 0x00000000c5500000|  0%| F|  |TAMS 0x00000000c5400000, 0x00000000c5400000| Untracked 
|  45|0x00000000c5500000, 0x00000000c5500000, 0x00000000c5600000|  0%| F|  |TAMS 0x00000000c5500000, 0x00000000c5500000| Untracked 
|  46|0x00000000c5600000, 0x00000000c5600000, 0x00000000c5700000|  0%| F|  |TAMS 0x00000000c5600000, 0x00000000c5600000| Untracked 
|  47|0x00000000c5700000, 0x00000000c5700000, 0x00000000c5800000|  0%| F|  |TAMS 0x00000000c5700000, 0x00000000c5700000| Untracked 
|  48|0x00000000c5800000, 0x00000000c5897170, 0x00000000c5900000| 59%| E|  |TAMS 0x00000000c5800000, 0x00000000c5800000| Complete 
|  49|0x00000000c5900000, 0x00000000c5a00000, 0x00000000c5a00000|100%| E|CS|TAMS 0x00000000c5900000, 0x00000000c5900000| Complete 
|  50|0x00000000c5a00000, 0x00000000c5b00000, 0x00000000c5b00000|100%| E|CS|TAMS 0x00000000c5a00000, 0x00000000c5a00000| Complete 
|  51|0x00000000c5b00000, 0x00000000c5c00000, 0x00000000c5c00000|100%| E|CS|TAMS 0x00000000c5b00000, 0x00000000c5b00000| Complete 
|  52|0x00000000c5c00000, 0x00000000c5d00000, 0x00000000c5d00000|100%| E|CS|TAMS 0x00000000c5c00000, 0x00000000c5c00000| Complete 
|  53|0x00000000c5d00000, 0x00000000c5e00000, 0x00000000c5e00000|100%| E|CS|TAMS 0x00000000c5d00000, 0x00000000c5d00000| Complete 
|  54|0x00000000c5e00000, 0x00000000c5f00000, 0x00000000c5f00000|100%| E|CS|TAMS 0x00000000c5e00000, 0x00000000c5e00000| Complete 
|  55|0x00000000c5f00000, 0x00000000c6000000, 0x00000000c6000000|100%| E|CS|TAMS 0x00000000c5f00000, 0x00000000c5f00000| Complete 
|  56|0x00000000c6000000, 0x00000000c6100000, 0x00000000c6100000|100%| E|CS|TAMS 0x00000000c6000000, 0x00000000c6000000| Complete 
|  57|0x00000000c6100000, 0x00000000c6200000, 0x00000000c6200000|100%| E|CS|TAMS 0x00000000c6100000, 0x00000000c6100000| Complete 
|  58|0x00000000c6200000, 0x00000000c6300000, 0x00000000c6300000|100%| E|CS|TAMS 0x00000000c6200000, 0x00000000c6200000| Complete 
|  59|0x00000000c6300000, 0x00000000c6400000, 0x00000000c6400000|100%| E|CS|TAMS 0x00000000c6300000, 0x00000000c6300000| Complete 
|  60|0x00000000c6400000, 0x00000000c6500000, 0x00000000c6500000|100%| E|CS|TAMS 0x00000000c6400000, 0x00000000c6400000| Complete 
|  61|0x00000000c6500000, 0x00000000c6600000, 0x00000000c6600000|100%| E|  |TAMS 0x00000000c6500000, 0x00000000c6500000| Complete 

Card table byte_map: [0x0000011afa070000,0x0000011afa260000] _byte_map_base: 0x0000011af9a5c000

Marking Bits (Prev, Next): (CMBitMap*) 0x0000011af2603c70, (CMBitMap*) 0x0000011af2603cb0
 Prev Bits: [0x0000011afa450000, 0x0000011afb3b0000)
 Next Bits: [0x0000011afb3b0000, 0x0000011afc310000)

Polling page: 0x0000011af0720000

Metaspace:

Usage:
  Non-class:     42.77 MB used.
      Class:      6.61 MB used.
       Both:     49.39 MB used.

Virtual space:
  Non-class space:       64.00 MB reserved,      43.00 MB ( 67%) committed,  1 nodes.
      Class space:        1.00 GB reserved,       6.88 MB ( <1%) committed,  1 nodes.
             Both:        1.06 GB reserved,      49.88 MB (  5%) committed. 

Chunk freelists:
   Non-Class:  4.94 MB
       Class:  9.17 MB
        Both:  14.11 MB

MaxMetaspaceSize: unlimited
CompressedClassSpaceSize: 1.00 GB
Initial GC threshold: 21.00 MB
Current GC threshold: 59.31 MB
CDS: on
MetaspaceReclaimPolicy: balanced
 - commit_granule_bytes: 65536.
 - commit_granule_words: 8192.
 - virtual_space_node_default_size: 8388608.
 - enlarge_chunks_in_place: 1.
 - new_chunks_are_fully_committed: 0.
 - uncommit_free_chunks: 1.
 - use_allocation_guard: 0.
 - handle_deallocations: 1.


Internal statistics:

num_allocs_failed_limit: 6.
num_arena_births: 650.
num_arena_deaths: 0.
num_vsnodes_births: 2.
num_vsnodes_deaths: 0.
num_space_committed: 798.
num_space_uncommitted: 0.
num_chunks_returned_to_freelist: 6.
num_chunks_taken_from_freelist: 2456.
num_chunk_merges: 6.
num_chunk_splits: 1726.
num_chunks_enlarged: 1347.
num_inconsistent_stats: 0.

CodeHeap 'non-profiled nmethods': size=120000Kb used=2617Kb max_used=2617Kb free=117382Kb
 bounds [0x0000011a87ad0000, 0x0000011a87d60000, 0x0000011a8f000000]
CodeHeap 'profiled nmethods': size=120000Kb used=9754Kb max_used=11074Kb free=110245Kb
 bounds [0x0000011a80000000, 0x0000011a80ae0000, 0x0000011a87530000]
CodeHeap 'non-nmethods': size=5760Kb used=1295Kb max_used=1335Kb free=4464Kb
 bounds [0x0000011a87530000, 0x0000011a877a0000, 0x0000011a87ad0000]
 total_blobs=6160 nmethods=5541 adapters=531
 compilation: enabled
              stopped_count=0, restarted_count=0
 full_count=0

Compilation events (20 events):
Event: 163.285 Thread 0x0000011afe76c2c0 nmethod 6602 0x0000011a87d5b390 code [0x0000011a87d5b580, 0x0000011a87d5bc10]
Event: 163.305 Thread 0x0000011afe76c2c0 6603       4       java.util.Collections$SingletonList::iterator (8 bytes)
Event: 163.307 Thread 0x0000011afe76c2c0 nmethod 6603 0x0000011a87d5c010 code [0x0000011a87d5c1a0, 0x0000011a87d5c278]
Event: 163.310 Thread 0x0000011afe76c2c0 6604       4       java.lang.String::indexOf (64 bytes)
Event: 163.312 Thread 0x0000011afe76c2c0 nmethod 6604 0x0000011a87d5c310 code [0x0000011a87d5c480, 0x0000011a87d5c7f8]
Event: 163.320 Thread 0x0000011afe76c2c0 6605       4       java.lang.invoke.TypeConvertingMethodAdapter::descriptorToName (36 bytes)
Event: 163.324 Thread 0x0000011afe76ec10 6607       3       io.netty.util.internal.PlatformDependent::putByte (7 bytes)
Event: 163.324 Thread 0x0000011afe76ec10 nmethod 6607 0x0000011a80134910 code [0x0000011a80134aa0, 0x0000011a80134ba8]
Event: 163.324 Thread 0x0000011afe76ec10 6609       3       sun.misc.Unsafe::putByte (11 bytes)
Event: 163.324 Thread 0x0000011afe76ec10 nmethod 6609 0x0000011a80134410 code [0x0000011a801345a0, 0x0000011a801346b8]
Event: 163.324 Thread 0x0000011afe76ec10 6608       3       io.netty.util.internal.PlatformDependent0::putByte (10 bytes)
Event: 163.325 Thread 0x0000011afe76ec10 nmethod 6608 0x0000011a80163310 code [0x0000011a801634a0, 0x0000011a80163658]
Event: 163.332 Thread 0x0000011afe76c2c0 nmethod 6605 0x0000011a87d5cc90 code [0x0000011a87d5ce60, 0x0000011a87d5d7e8]
Event: 163.332 Thread 0x0000011afe76c2c0 6610       4       sun.misc.Unsafe::putByte (11 bytes)
Event: 163.333 Thread 0x0000011afe76c2c0 nmethod 6610 0x0000011a87d5dd10 code [0x0000011a87d5de80, 0x0000011a87d5df18]
Event: 163.333 Thread 0x0000011afe76c2c0 6611       4       io.netty.util.internal.PlatformDependent::putByte (7 bytes)
Event: 163.333 Thread 0x0000011afe76c2c0 nmethod 6611 0x0000011a87d5e010 code [0x0000011a87d5e180, 0x0000011a87d5e1f8]
Event: 163.333 Thread 0x0000011afe76c2c0 6612       4       io.netty.util.internal.PlatformDependent0::putByte (10 bytes)
Event: 163.334 Thread 0x0000011afe76c2c0 nmethod 6612 0x0000011a87d5e310 code [0x0000011a87d5e480, 0x0000011a87d5e4f8]
Event: 163.337 Thread 0x0000011afe76c2c0 6613       4       java.lang.reflect.Method::getAnnotation (6 bytes)

GC Heap History (20 events):
Event: 5.165 GC heap before
{Heap before GC invocations=6 (full 0):
 garbage-first heap   total 63488K, used 34347K [0x00000000c2800000, 0x0000000100000000)
  region size 1024K, 18 young (18432K), 4 survivors (4096K)
 Metaspace       used 21262K, committed 21504K, reserved 1114112K
  class space    used 2707K, committed 2816K, reserved 1048576K
}
Event: 5.173 GC heap after
{Heap after GC invocations=7 (full 0):
 garbage-first heap   total 63488K, used 21659K [0x00000000c2800000, 0x0000000100000000)
  region size 1024K, 1 young (1024K), 1 survivors (1024K)
 Metaspace       used 21262K, committed 21504K, reserved 1114112K
  class space    used 2707K, committed 2816K, reserved 1048576K
}
Event: 6.740 GC heap before
{Heap before GC invocations=8 (full 0):
 garbage-first heap   total 63488K, used 42139K [0x00000000c2800000, 0x0000000100000000)
  region size 1024K, 25 young (25600K), 1 survivors (1024K)
 Metaspace       used 23645K, committed 24000K, reserved 1114112K
  class space    used 2982K, committed 3136K, reserved 1048576K
}
Event: 6.747 GC heap after
{Heap after GC invocations=9 (full 0):
 garbage-first heap   total 63488K, used 20423K [0x00000000c2800000, 0x0000000100000000)
  region size 1024K, 3 young (3072K), 3 survivors (3072K)
 Metaspace       used 23645K, committed 24000K, reserved 1114112K
  class space    used 2982K, committed 3136K, reserved 1048576K
}
Event: 8.218 GC heap before
{Heap before GC invocations=9 (full 0):
 garbage-first heap   total 63488K, used 46023K [0x00000000c2800000, 0x0000000100000000)
  region size 1024K, 28 young (28672K), 3 survivors (3072K)
 Metaspace       used 26085K, committed 26432K, reserved 1114112K
  class space    used 3317K, committed 3456K, reserved 1048576K
}
Event: 8.230 GC heap after
{Heap after GC invocations=10 (full 0):
 garbage-first heap   total 63488K, used 21581K [0x00000000c2800000, 0x0000000100000000)
  region size 1024K, 2 young (2048K), 2 survivors (2048K)
 Metaspace       used 26085K, committed 26432K, reserved 1114112K
  class space    used 3317K, committed 3456K, reserved 1048576K
}
Event: 9.598 GC heap before
{Heap before GC invocations=10 (full 0):
 garbage-first heap   total 63488K, used 47181K [0x00000000c2800000, 0x0000000100000000)
  region size 1024K, 27 young (27648K), 2 survivors (2048K)
 Metaspace       used 31133K, committed 31552K, reserved 1114112K
  class space    used 4098K, committed 4288K, reserved 1048576K
}
Event: 9.606 GC heap after
{Heap after GC invocations=11 (full 0):
 garbage-first heap   total 63488K, used 23599K [0x00000000c2800000, 0x0000000100000000)
  region size 1024K, 4 young (4096K), 4 survivors (4096K)
 Metaspace       used 31133K, committed 31552K, reserved 1114112K
  class space    used 4098K, committed 4288K, reserved 1048576K
}
Event: 10.993 GC heap before
{Heap before GC invocations=11 (full 0):
 garbage-first heap   total 63488K, used 48175K [0x00000000c2800000, 0x0000000100000000)
  region size 1024K, 28 young (28672K), 4 survivors (4096K)
 Metaspace       used 35156K, committed 35584K, reserved 1114112K
  class space    used 4601K, committed 4800K, reserved 1048576K
}
Event: 11.003 GC heap after
{Heap after GC invocations=12 (full 0):
 garbage-first heap   total 63488K, used 25615K [0x00000000c2800000, 0x0000000100000000)
  region size 1024K, 3 young (3072K), 3 survivors (3072K)
 Metaspace       used 35156K, committed 35584K, reserved 1114112K
  class space    used 4601K, committed 4800K, reserved 1048576K
}
Event: 11.174 GC heap before
{Heap before GC invocations=12 (full 0):
 garbage-first heap   total 63488K, used 29711K [0x00000000c2800000, 0x0000000100000000)
  region size 1024K, 8 young (8192K), 3 survivors (3072K)
 Metaspace       used 35751K, committed 36160K, reserved 1114112K
  class space    used 4681K, committed 4864K, reserved 1048576K
}
Event: 11.180 GC heap after
{Heap after GC invocations=13 (full 0):
 garbage-first heap   total 63488K, used 25571K [0x00000000c2800000, 0x0000000100000000)
  region size 1024K, 3 young (3072K), 3 survivors (3072K)
 Metaspace       used 35751K, committed 36160K, reserved 1114112K
  class space    used 4681K, committed 4864K, reserved 1048576K
}
Event: 12.809 GC heap before
{Heap before GC invocations=14 (full 0):
 garbage-first heap   total 63488K, used 49123K [0x00000000c2800000, 0x0000000100000000)
  region size 1024K, 26 young (26624K), 3 survivors (3072K)
 Metaspace       used 39262K, committed 39744K, reserved 1114112K
  class space    used 5239K, committed 5504K, reserved 1048576K
}
Event: 12.817 GC heap after
{Heap after GC invocations=15 (full 0):
 garbage-first heap   total 63488K, used 27572K [0x00000000c2800000, 0x0000000100000000)
  region size 1024K, 4 young (4096K), 4 survivors (4096K)
 Metaspace       used 39262K, committed 39744K, reserved 1114112K
  class space    used 5239K, committed 5504K, reserved 1048576K
}
Event: 12.866 GC heap before
{Heap before GC invocations=15 (full 0):
 garbage-first heap   total 63488K, used 28596K [0x00000000c2800000, 0x0000000100000000)
  region size 1024K, 5 young (5120K), 4 survivors (4096K)
 Metaspace       used 39483K, committed 39936K, reserved 1114112K
  class space    used 5259K, committed 5504K, reserved 1048576K
}
Event: 12.876 GC heap after
{Heap after GC invocations=16 (full 0):
 garbage-first heap   total 63488K, used 27029K [0x00000000c2800000, 0x0000000100000000)
  region size 1024K, 1 young (1024K), 1 survivors (1024K)
 Metaspace       used 39483K, committed 39936K, reserved 1114112K
  class space    used 5259K, committed 5504K, reserved 1048576K
}
Event: 13.763 GC heap before
{Heap before GC invocations=16 (full 0):
 garbage-first heap   total 63488K, used 49557K [0x00000000c2800000, 0x0000000100000000)
  region size 1024K, 23 young (23552K), 1 survivors (1024K)
 Metaspace       used 43941K, committed 44480K, reserved 1114112K
  class space    used 5881K, committed 6144K, reserved 1048576K
}
Event: 13.768 GC heap after
{Heap after GC invocations=17 (full 0):
 garbage-first heap   total 63488K, used 30155K [0x00000000c2800000, 0x0000000100000000)
  region size 1024K, 3 young (3072K), 3 survivors (3072K)
 Metaspace       used 43941K, committed 44480K, reserved 1114112K
  class space    used 5881K, committed 6144K, reserved 1048576K
}
Event: 34.938 GC heap before
{Heap before GC invocations=17 (full 0):
 garbage-first heap   total 63488K, used 47563K [0x00000000c2800000, 0x0000000100000000)
  region size 1024K, 21 young (21504K), 3 survivors (3072K)
 Metaspace       used 48250K, committed 48768K, reserved 1114112K
  class space    used 6466K, committed 6720K, reserved 1048576K
}
Event: 35.019 GC heap after
{Heap after GC invocations=18 (full 0):
 garbage-first heap   total 63488K, used 31731K [0x00000000c2800000, 0x0000000100000000)
  region size 1024K, 2 young (2048K), 2 survivors (2048K)
 Metaspace       used 48250K, committed 48768K, reserved 1114112K
  class space    used 6466K, committed 6720K, reserved 1048576K
}

Deoptimization events (20 events):
Event: 163.128 Thread 0x0000011ad711d620 Uncommon trap: trap_request=0xffffffbe fr.pc=0x0000011a87d53694 relative=0x00000000000007d4
Event: 163.128 Thread 0x0000011ad711d620 Uncommon trap: reason=profile_predicate action=maybe_recompile pc=0x0000011a87d53694 method=java.lang.StringUTF16.putCharsSB([BILjava/lang/CharSequence;II)V @ 18 c2
Event: 163.128 Thread 0x0000011ad711d620 DEOPT PACKING pc=0x0000011a87d53694 sp=0x0000000ca5ffa500
Event: 163.128 Thread 0x0000011ad711d620 DEOPT UNPACKING pc=0x0000011a875823a3 sp=0x0000000ca5ffa420 mode 2
Event: 163.299 Thread 0x0000011ad711d620 Uncommon trap: trap_request=0xffffffbe fr.pc=0x0000011a87cd641c relative=0x00000000000002dc
Event: 163.299 Thread 0x0000011ad711d620 Uncommon trap: reason=profile_predicate action=maybe_recompile pc=0x0000011a87cd641c method=org.springframework.boot.context.properties.source.ConfigurationPropertyName$Elements.canShortcutWithSource(Lorg/springframework/boot/context/properties/source/Con
Event: 163.299 Thread 0x0000011ad711d620 DEOPT PACKING pc=0x0000011a87cd641c sp=0x0000000ca5ffa400
Event: 163.299 Thread 0x0000011ad711d620 DEOPT UNPACKING pc=0x0000011a875823a3 sp=0x0000000ca5ffa1a0 mode 2
Event: 163.300 Thread 0x0000011ad711d620 Uncommon trap: trap_request=0xffffffbe fr.pc=0x0000011a87cd641c relative=0x00000000000002dc
Event: 163.300 Thread 0x0000011ad711d620 Uncommon trap: reason=profile_predicate action=maybe_recompile pc=0x0000011a87cd641c method=org.springframework.boot.context.properties.source.ConfigurationPropertyName$Elements.canShortcutWithSource(Lorg/springframework/boot/context/properties/source/Con
Event: 163.300 Thread 0x0000011ad711d620 DEOPT PACKING pc=0x0000011a87cd641c sp=0x0000000ca5ffa400
Event: 163.300 Thread 0x0000011ad711d620 DEOPT UNPACKING pc=0x0000011a875823a3 sp=0x0000000ca5ffa1a0 mode 2
Event: 163.300 Thread 0x0000011ad711d620 Uncommon trap: trap_request=0xffffffbe fr.pc=0x0000011a87cd641c relative=0x00000000000002dc
Event: 163.300 Thread 0x0000011ad711d620 Uncommon trap: reason=profile_predicate action=maybe_recompile pc=0x0000011a87cd641c method=org.springframework.boot.context.properties.source.ConfigurationPropertyName$Elements.canShortcutWithSource(Lorg/springframework/boot/context/properties/source/Con
Event: 163.300 Thread 0x0000011ad711d620 DEOPT PACKING pc=0x0000011a87cd641c sp=0x0000000ca5ffa400
Event: 163.300 Thread 0x0000011ad711d620 DEOPT UNPACKING pc=0x0000011a875823a3 sp=0x0000000ca5ffa1a0 mode 2
Event: 163.300 Thread 0x0000011ad711d620 Uncommon trap: trap_request=0xffffffbe fr.pc=0x0000011a87cd641c relative=0x00000000000002dc
Event: 163.300 Thread 0x0000011ad711d620 Uncommon trap: reason=profile_predicate action=maybe_recompile pc=0x0000011a87cd641c method=org.springframework.boot.context.properties.source.ConfigurationPropertyName$Elements.canShortcutWithSource(Lorg/springframework/boot/context/properties/source/Con
Event: 163.300 Thread 0x0000011ad711d620 DEOPT PACKING pc=0x0000011a87cd641c sp=0x0000000ca5ffa400
Event: 163.300 Thread 0x0000011ad711d620 DEOPT UNPACKING pc=0x0000011a875823a3 sp=0x0000000ca5ffa1a0 mode 2

Classes unloaded (0 events):
No events

Classes redefined (0 events):
No events

Internal exceptions (20 events):
Event: 12.783 Thread 0x0000011ad40d7c70 Exception <a 'java/lang/NoSuchMethodError'{0x00000000c4c97c60}: 'java.lang.Object java.lang.invoke.DirectMethodHandle$Holder.newInvokeSpecial(java.lang.Object, java.lang.Object, java.lang.Object, int)'> (0x00000000c4c97c60) 
thrown [s\open\src\hotspot\share\interpreter\linkResolver.cpp, line 759]
Event: 12.784 Thread 0x0000011ad40d7c70 Exception <a 'java/lang/NoSuchMethodError'{0x00000000c4c9bf48}: 'java.lang.Object java.lang.invoke.DirectMethodHandle$Holder.invokeSpecial(java.lang.Object, java.lang.Object, java.lang.Object, java.lang.Object, int)'> (0x00000000c4c9bf48) 
thrown [s\open\src\hotspot\share\interpreter\linkResolver.cpp, line 759]
Event: 12.784 Thread 0x0000011ad40d7c70 Exception <a 'java/lang/NoSuchMethodError'{0x00000000c4c9fb10}: 'java.lang.Object java.lang.invoke.Invokers$Holder.linkToTargetMethod(java.lang.Object, java.lang.Object, int, java.lang.Object)'> (0x00000000c4c9fb10) 
thrown [s\open\src\hotspot\share\interpreter\linkResolver.cpp, line 759]
Event: 12.894 Thread 0x0000011ad40d7c70 Exception <a 'java/lang/NoSuchMethodError'{0x00000000c655f138}: 'double java.lang.invoke.DirectMethodHandle$Holder.invokeVirtual(java.lang.Object, java.lang.Object)'> (0x00000000c655f138) 
thrown [s\open\src\hotspot\share\interpreter\linkResolver.cpp, line 759]
Event: 12.934 Thread 0x0000011ad40d7c70 Exception <a 'java/lang/NoSuchMethodError'{0x00000000c6354700}: 'long java.lang.invoke.DirectMethodHandle$Holder.invokeVirtual(java.lang.Object, java.lang.Object)'> (0x00000000c6354700) 
thrown [s\open\src\hotspot\share\interpreter\linkResolver.cpp, line 759]
Event: 13.086 Thread 0x0000011ad40d7c70 Exception <a 'sun/nio/fs/WindowsException'{0x00000000c61023d0}> (0x00000000c61023d0) 
thrown [s\open\src\hotspot\share\prims\jni.cpp, line 516]
Event: 13.109 Thread 0x0000011ad40d7c70 Exception <a 'java/lang/NoSuchMethodError'{0x00000000c6123660}: 'int java.lang.invoke.DirectMethodHandle$Holder.invokeStaticInit(java.lang.Object, java.lang.Object, java.lang.Object, java.lang.Object)'> (0x00000000c6123660) 
thrown [s\open\src\hotspot\share\interpreter\linkResolver.cpp, line 759]
Event: 13.832 Thread 0x0000011ad40d7c70 Exception <a 'java/lang/NoSuchMethodError'{0x00000000c64b5bd0}: 'int java.lang.invoke.DirectMethodHandle$Holder.invokeStatic(java.lang.Object, java.lang.Object, int)'> (0x00000000c64b5bd0) 
thrown [s\open\src\hotspot\share\interpreter\linkResolver.cpp, line 759]
Event: 13.891 Thread 0x0000011ad40d7c70 Exception <a 'java/lang/NoSuchMethodError'{0x00000000c6305f80}: 'java.lang.Object java.lang.invoke.DirectMethodHandle$Holder.invokeStatic(java.lang.Object, int, int)'> (0x00000000c6305f80) 
thrown [s\open\src\hotspot\share\interpreter\linkResolver.cpp, line 759]
Event: 14.055 Thread 0x0000011ad40d7c70 Exception <a 'java/lang/IncompatibleClassChangeError'{0x00000000c5ffa968}: Found class java.lang.Object, but interface was expected> (0x00000000c5ffa968) 
thrown [s\open\src\hotspot\share\interpreter\linkResolver.cpp, line 826]
Event: 14.267 Thread 0x0000011ad40d7c70 Exception <a 'java/lang/UnsatisfiedLinkError'{0x00000000c5a9a890}: 'int io.netty.channel.epoll.Native.offsetofEpollData()'> (0x00000000c5a9a890) 
thrown [s\open\src\hotspot\share\prims\nativeLookup.cpp, line 543]
Event: 14.268 Thread 0x0000011ad40d7c70 Exception <a 'java/lang/ExceptionInInitializerError'{0x00000000c5a9d2d8}> (0x00000000c5a9d2d8) 
thrown [s\open\src\hotspot\share\oops\instanceKlass.cpp, line 1221]
Event: 14.324 Thread 0x0000011ad40d7c70 Exception <a 'java/lang/NoSuchMethodError'{0x00000000c59d6490}: 'java.lang.Object java.lang.invoke.DirectMethodHandle$Holder.newInvokeSpecial(java.lang.Object, java.lang.Object, int, java.lang.Object)'> (0x00000000c59d6490) 
thrown [s\open\src\hotspot\share\interpreter\linkResolver.cpp, line 759]
Event: 14.324 Thread 0x0000011ad40d7c70 Exception <a 'java/lang/NoSuchMethodError'{0x00000000c59da058}: 'java.lang.Object java.lang.invoke.Invokers$Holder.linkToTargetMethod(java.lang.Object, int, java.lang.Object, java.lang.Object)'> (0x00000000c59da058) 
thrown [s\open\src\hotspot\share\interpreter\linkResolver.cpp, line 759]
Event: 14.465 Thread 0x0000011ad40d7c70 Exception <a 'java/lang/IncompatibleClassChangeError'{0x00000000c56a2ab8}: Found class java.lang.Object, but interface was expected> (0x00000000c56a2ab8) 
thrown [s\open\src\hotspot\share\interpreter\linkResolver.cpp, line 826]
Event: 34.448 Thread 0x0000011ad711d620 Exception <a 'java/lang/NoSuchMethodError'{0x00000000c54b09f0}: 'java.lang.Object java.lang.invoke.DirectMethodHandle$Holder.invokeStaticInit(java.lang.Object, java.lang.Object, java.lang.Object, java.lang.Object)'> (0x00000000c54b09f0) 
thrown [s\open\src\hotspot\share\interpreter\linkResolver.cpp, line 759]
Event: 35.951 Thread 0x0000011ad711cc00 Exception <a 'java/lang/NoSuchMethodError'{0x00000000c63a8ce0}: 'void java.lang.invoke.DirectMethodHandle$Holder.invokeStatic(java.lang.Object, int)'> (0x00000000c63a8ce0) 
thrown [s\open\src\hotspot\share\interpreter\linkResolver.cpp, line 759]
Event: 35.953 Thread 0x0000011ad711cc00 Exception <a 'java/lang/NoSuchMethodError'{0x00000000c63ac628}: 'void java.lang.invoke.DirectMethodHandle$Holder.invokeStaticInit(java.lang.Object, int)'> (0x00000000c63ac628) 
thrown [s\open\src\hotspot\share\interpreter\linkResolver.cpp, line 759]
Event: 35.955 Thread 0x0000011ad711cc00 Exception <a 'java/lang/NoSuchMethodError'{0x00000000c63b2110}: 'void java.lang.invoke.DirectMethodHandle$Holder.invokeSpecial(java.lang.Object, java.lang.Object, int)'> (0x00000000c63b2110) 
thrown [s\open\src\hotspot\share\interpreter\linkResolver.cpp, line 759]
Event: 37.219 Thread 0x0000011ad711cc00 Exception <a 'java/lang/NoSuchMethodError'{0x00000000c5efae38}: 'void java.lang.invoke.DirectMethodHandle$Holder.invokeSpecialIFC(java.lang.Object, java.lang.Object, java.lang.Object, java.lang.Object)'> (0x00000000c5efae38) 
thrown [s\open\src\hotspot\share\interpreter\linkResolver.cpp, line 759]

VM Operations (20 events):
Event: 82.315 Executing VM operation: Cleanup
Event: 82.315 Executing VM operation: Cleanup done
Event: 93.407 Executing VM operation: Cleanup
Event: 93.407 Executing VM operation: Cleanup done
Event: 113.500 Executing VM operation: Cleanup
Event: 113.500 Executing VM operation: Cleanup done
Event: 123.571 Executing VM operation: Cleanup
Event: 123.571 Executing VM operation: Cleanup done
Event: 127.613 Executing VM operation: Cleanup
Event: 127.613 Executing VM operation: Cleanup done
Event: 133.651 Executing VM operation: Cleanup
Event: 133.651 Executing VM operation: Cleanup done
Event: 134.658 Executing VM operation: Cleanup
Event: 134.658 Executing VM operation: Cleanup done
Event: 135.665 Executing VM operation: Cleanup
Event: 135.665 Executing VM operation: Cleanup done
Event: 140.706 Executing VM operation: Cleanup
Event: 140.706 Executing VM operation: Cleanup done
Event: 146.763 Executing VM operation: Cleanup
Event: 146.763 Executing VM operation: Cleanup done

Events (20 events):
Event: 37.157 loading class java/util/stream/LongStream
Event: 37.158 loading class java/util/stream/LongStream done
Event: 37.158 loading class java/util/stream/DoubleStream
Event: 37.159 loading class java/util/stream/DoubleStream done
Event: 37.248 loading class sun/nio/ch/IOVecWrapper
Event: 37.249 loading class sun/nio/ch/IOVecWrapper done
Event: 37.249 loading class sun/nio/ch/AllocatedNativeObject
Event: 37.249 loading class sun/nio/ch/NativeObject
Event: 37.250 loading class sun/nio/ch/NativeObject done
Event: 37.250 loading class sun/nio/ch/AllocatedNativeObject done
Event: 37.250 loading class sun/nio/ch/IOVecWrapper$Deallocator
Event: 37.250 loading class sun/nio/ch/IOVecWrapper$Deallocator done
Event: 43.980 Thread 0x0000011ad711f480 Thread added: 0x0000011ad711f480
Event: 43.980 Thread 0x0000011ad711d110 Thread added: 0x0000011ad711d110
Event: 74.715 Thread 0x0000011ad5608a50 Thread exited: 0x0000011ad5608a50
Event: 127.465 Thread 0x0000011ad711c6f0 Thread added: 0x0000011ad711c6f0
Event: 127.481 loading class java/util/concurrent/atomic/Striped64$Cell
Event: 127.485 loading class java/util/concurrent/atomic/Striped64$Cell done
Event: 140.708 Thread 0x0000011afece5550 Thread added: 0x0000011afece5550
Event: 143.042 Thread 0x0000011afece5550 Thread exited: 0x0000011afece5550


Dynamic libraries:
0x00007ff6a61d0000 - 0x00007ff6a61e0000 	C:\Program Files\Java\jdk-17\bin\java.exe
0x00007ff96c9b0000 - 0x00007ff96cba8000 	C:\Windows\SYSTEM32\ntdll.dll
0x00007ff96ba80000 - 0x00007ff96bb42000 	C:\Windows\System32\KERNEL32.DLL
0x00007ff96a150000 - 0x00007ff96a446000 	C:\Windows\System32\KERNELBASE.dll
0x00007ff96a670000 - 0x00007ff96a770000 	C:\Windows\System32\ucrtbase.dll
0x00007ff959140000 - 0x00007ff95915b000 	C:\Program Files\Java\jdk-17\bin\VCRUNTIME140.dll
0x00007ff9664b0000 - 0x00007ff9664c9000 	C:\Program Files\Java\jdk-17\bin\jli.dll
0x00007ff96b210000 - 0x00007ff96b2c1000 	C:\Windows\System32\ADVAPI32.dll
0x00007ff96b330000 - 0x00007ff96b3ce000 	C:\Windows\System32\msvcrt.dll
0x00007ff96b600000 - 0x00007ff96b69f000 	C:\Windows\System32\sechost.dll
0x00007ff96b070000 - 0x00007ff96b193000 	C:\Windows\System32\RPCRT4.dll
0x00007ff96a610000 - 0x00007ff96a637000 	C:\Windows\System32\bcrypt.dll
0x00007ff95d570000 - 0x00007ff95d80a000 	C:\Windows\WinSxS\amd64_microsoft.windows.common-controls_6595b64144ccf1df_6.0.19041.5915_none_60b4b9d171f9c7c7\COMCTL32.dll
0x00007ff96b3d0000 - 0x00007ff96b3fb000 	C:\Windows\System32\GDI32.dll
0x00007ff96b400000 - 0x00007ff96b59d000 	C:\Windows\System32\USER32.dll
0x00007ff96a640000 - 0x00007ff96a662000 	C:\Windows\System32\win32u.dll
0x00007ff96a4f0000 - 0x00007ff96a609000 	C:\Windows\System32\gdi32full.dll
0x00007ff96a450000 - 0x00007ff96a4ed000 	C:\Windows\System32\msvcp_win.dll
0x00007ff95df00000 - 0x00007ff95df0a000 	C:\Windows\SYSTEM32\VERSION.dll
0x00007ff96c0a0000 - 0x00007ff96c0cf000 	C:\Windows\System32\IMM32.DLL
0x00007ff95c210000 - 0x00007ff95c21c000 	C:\Program Files\Java\jdk-17\bin\vcruntime140_1.dll
0x00007ff944c70000 - 0x00007ff944cfe000 	C:\Program Files\Java\jdk-17\bin\msvcp140.dll
0x00007ff933a40000 - 0x00007ff934620000 	C:\Program Files\Java\jdk-17\bin\server\jvm.dll
0x00007ff96c0d0000 - 0x00007ff96c0d8000 	C:\Windows\System32\PSAPI.DLL
0x00007ff95f9e0000 - 0x00007ff95f9e9000 	C:\Windows\SYSTEM32\WSOCK32.dll
0x00007ff95ded0000 - 0x00007ff95def7000 	C:\Windows\SYSTEM32\WINMM.dll
0x00007ff96b1a0000 - 0x00007ff96b20b000 	C:\Windows\System32\WS2_32.dll
0x00007ff967ec0000 - 0x00007ff967ed2000 	C:\Windows\SYSTEM32\kernel.appcore.dll
0x00007ff95c1e0000 - 0x00007ff95c1ea000 	C:\Program Files\Java\jdk-17\bin\jimage.dll
0x00007ff95d810000 - 0x00007ff95da11000 	C:\Windows\SYSTEM32\DBGHELP.DLL
0x00007ff95bfc0000 - 0x00007ff95bff4000 	C:\Windows\SYSTEM32\dbgcore.DLL
0x00007ff96a0c0000 - 0x00007ff96a142000 	C:\Windows\System32\bcryptPrimitives.dll
0x00007ff966450000 - 0x00007ff96645e000 	C:\Program Files\Java\jdk-17\bin\instrument.dll
0x00007ff9590d0000 - 0x00007ff9590f5000 	C:\Program Files\Java\jdk-17\bin\java.dll
0x00007ff9448f0000 - 0x00007ff9449c7000 	C:\Program Files\Java\jdk-17\bin\jsvml.dll
0x00007ff96c0e0000 - 0x00007ff96c84e000 	C:\Windows\System32\SHELL32.dll
0x00007ff9680c0000 - 0x00007ff968864000 	C:\Windows\SYSTEM32\windows.storage.dll
0x00007ff96aaa0000 - 0x00007ff96adf3000 	C:\Windows\System32\combase.dll
0x00007ff969a70000 - 0x00007ff969a9b000 	C:\Windows\SYSTEM32\Wldp.dll
0x00007ff96b6a0000 - 0x00007ff96b76d000 	C:\Windows\System32\OLEAUT32.dll
0x00007ff96a9d0000 - 0x00007ff96aa7d000 	C:\Windows\System32\SHCORE.dll
0x00007ff96b770000 - 0x00007ff96b7cb000 	C:\Windows\System32\shlwapi.dll
0x00007ff969f70000 - 0x00007ff969f95000 	C:\Windows\SYSTEM32\profapi.dll
0x00007ff956020000 - 0x00007ff956038000 	C:\Program Files\Java\jdk-17\bin\zip.dll
0x00007ff956070000 - 0x00007ff956089000 	C:\Program Files\Java\jdk-17\bin\net.dll
0x00007ff9620c0000 - 0x00007ff9621ca000 	C:\Windows\SYSTEM32\WINHTTP.dll
0x00007ff9697d0000 - 0x00007ff96983a000 	C:\Windows\system32\mswsock.dll
0x00007ff956040000 - 0x00007ff956056000 	C:\Program Files\Java\jdk-17\bin\nio.dll
0x00007ff966430000 - 0x00007ff96644a000 	C:\Program Files\JetBrains\IntelliJ IDEA Community Edition 2023.3.2\bin\breakgen64.dll
0x00007ff95c480000 - 0x00007ff95c48a000 	C:\Program Files\Java\jdk-17\bin\management.dll
0x00007ff95c470000 - 0x00007ff95c47b000 	C:\Program Files\Java\jdk-17\bin\management_ext.dll
0x00007ff969460000 - 0x00007ff96949b000 	C:\Windows\SYSTEM32\IPHLPAPI.DLL
0x00007ff96ae00000 - 0x00007ff96ae08000 	C:\Windows\System32\NSI.dll
0x00007ff963220000 - 0x00007ff963237000 	C:\Windows\SYSTEM32\dhcpcsvc6.DLL
0x00007ff964140000 - 0x00007ff96415d000 	C:\Windows\SYSTEM32\dhcpcsvc.DLL
0x00007ff9694a0000 - 0x00007ff96956a000 	C:\Windows\SYSTEM32\DNSAPI.dll
0x00007ff95eda0000 - 0x00007ff95edaa000 	C:\Windows\System32\rasadhlp.dll
0x00007ff95edc0000 - 0x00007ff95ee40000 	C:\Windows\System32\fwpuclnt.dll
0x00007ff9585a0000 - 0x00007ff9585b0000 	C:\Program Files\Java\jdk-17\bin\verify.dll
0x00007ff9699d0000 - 0x00007ff9699e8000 	C:\Windows\SYSTEM32\CRYPTSP.dll
0x00007ff969080000 - 0x00007ff9690b8000 	C:\Windows\system32\rsaenh.dll
0x00007ff969f30000 - 0x00007ff969f5e000 	C:\Windows\SYSTEM32\USERENV.dll
0x00007ff9699c0000 - 0x00007ff9699cc000 	C:\Windows\SYSTEM32\CRYPTBASE.dll
0x00007ff95c460000 - 0x00007ff95c46e000 	C:\Program Files\Java\jdk-17\bin\sunmscapi.dll
0x00007ff96a870000 - 0x00007ff96a9cd000 	C:\Windows\System32\CRYPT32.dll
0x00007ff969ae0000 - 0x00007ff969b07000 	C:\Windows\SYSTEM32\ncrypt.dll
0x00007ff969aa0000 - 0x00007ff969adb000 	C:\Windows\SYSTEM32\NTASN1.dll
0x00007ff966ba0000 - 0x00007ff966ba7000 	C:\Windows\system32\wshunix.dll

dbghelp: loaded successfully - version: 4.0.5 - missing functions: none
symbol engine: initialized successfully - sym options: 0x614 - pdb path: .;C:\Program Files\Java\jdk-17\bin;C:\Windows\SYSTEM32;C:\Windows\WinSxS\amd64_microsoft.windows.common-controls_6595b64144ccf1df_6.0.19041.5915_none_60b4b9d171f9c7c7;C:\Program Files\Java\jdk-17\bin\server;C:\Program Files\JetBrains\IntelliJ IDEA Community Edition 2023.3.2\bin

VM Arguments:
jvm_args: -javaagent:C:\Program Files\JetBrains\IntelliJ IDEA Community Edition 2023.3.2\lib\idea_rt.jar=51774:C:\Program Files\JetBrains\IntelliJ IDEA Community Edition 2023.3.2\bin -Dfile.encoding=UTF-8 
java_command: com.apigateway.ApiGatewayApplication
java_class_path (initial): D:\PROJECT\Intellij Idea Project\Microservices Project\api-gateway\target\classes;C:\Users\ADMIN\.m2\repository\org\springframework\cloud\spring-cloud-starter-gateway-server-webflux\4.3.0\spring-cloud-starter-gateway-server-webflux-4.3.0.jar;C:\Users\ADMIN\.m2\repository\org\springframework\cloud\spring-cloud-starter\4.3.0\spring-cloud-starter-4.3.0.jar;C:\Users\ADMIN\.m2\repository\org\springframework\cloud\spring-cloud-context\4.3.0\spring-cloud-context-4.3.0.jar;C:\Users\ADMIN\.m2\repository\org\springframework\security\spring-security-crypto\6.5.0\spring-security-crypto-6.5.0.jar;C:\Users\ADMIN\.m2\repository\org\springframework\cloud\spring-cloud-commons\4.3.0\spring-cloud-commons-4.3.0.jar;C:\Users\ADMIN\.m2\repository\org\bouncycastle\bcprov-jdk18on\1.80\bcprov-jdk18on-1.80.jar;C:\Users\ADMIN\.m2\repository\org\springframework\cloud\spring-cloud-gateway-server-webflux\4.3.0\spring-cloud-gateway-server-webflux-4.3.0.jar;C:\Users\ADMIN\.m2\repository\org\springframework\cloud\spring-cloud-gateway-server\4.3.0\spring-cloud-gateway-server-4.3.0.jar;C:\Users\ADMIN\.m2\repository\org\springframework\boot\spring-boot-starter-validation\3.5.0\spring-boot-starter-validation-3.5.0.jar;C:\Users\ADMIN\.m2\repository\org\apache\tomcat\embed\tomcat-embed-el\10.1.41\tomcat-embed-el-10.1.41.jar;C:\Users\ADMIN\.m2\repository\org\hibernate\validator\hibernate-validator\8.0.2.Final\hibernate-validator-8.0.2.Final.jar;C:\Users\ADMIN\.m2\repository\jakarta\validation\jakarta.validation-api\3.0.2\jakarta.validation-api-3.0.2.jar;C:\Users\ADMIN\.m2\repository\org\jboss\logging\jboss-logging\3.6.1.Final\jboss-logging-3.6.1.Final.jar;C:\Users\ADMIN\.m2\repository\com\fasterxml\classmate\1.7.0\classmate-1.7.0.jar;C:\Users\ADMIN\.m2\repository\io\projectreactor\addons\reactor-extra\3.5.2\reactor-extra-3.5.2.jar;C:\Users\ADMIN\.m2\repository\org\springframework\boot\spring-boot-starter-webflux\3.5.0\spring-boot-starter-webflux-3.5.0.jar;C:\Users\ADMIN\.m2\re
Launcher Type: SUN_STANDARD

[Global flags]
     intx CICompilerCount                          = 3                                         {product} {ergonomic}
     uint ConcGCThreads                            = 1                                         {product} {ergonomic}
     uint G1ConcRefinementThreads                  = 4                                         {product} {ergonomic}
   size_t G1HeapRegionSize                         = 1048576                                   {product} {ergonomic}
    uintx GCDrainStackTargetSize                   = 64                                        {product} {ergonomic}
   size_t InitialHeapSize                          = 65011712                                  {product} {ergonomic}
   size_t MarkStackSize                            = 4194304                                   {product} {ergonomic}
   size_t MaxHeapSize                              = 1031798784                                {product} {ergonomic}
   size_t MaxNewSize                               = 618659840                                 {product} {ergonomic}
   size_t MinHeapDeltaBytes                        = 1048576                                   {product} {ergonomic}
   size_t MinHeapSize                              = 8388608                                   {product} {ergonomic}
    uintx NonNMethodCodeHeapSize                   = 5832780                                {pd product} {ergonomic}
    uintx NonProfiledCodeHeapSize                  = 122912730                              {pd product} {ergonomic}
    uintx ProfiledCodeHeapSize                     = 122912730                              {pd product} {ergonomic}
    uintx ReservedCodeCacheSize                    = 251658240                              {pd product} {ergonomic}
     bool SegmentedCodeCache                       = true                                      {product} {ergonomic}
   size_t SoftMaxHeapSize                          = 1031798784                             {manageable} {ergonomic}
     bool UseCompressedClassPointers               = true                           {product lp64_product} {ergonomic}
     bool UseCompressedOops                        = true                           {product lp64_product} {ergonomic}
     bool UseG1GC                                  = true                                      {product} {ergonomic}
     bool UseLargePagesIndividualAllocation        = false                                  {pd product} {ergonomic}

Logging:
Log output configuration:
 #0: stdout all=warning uptime,level,tags
 #1: stderr all=off uptime,level,tags

Environment Variables:
JAVA_HOME=C:\Program Files\Java\jdk-17\jdk-17.0.X
PATH=C:\Program Files\Common Files\Oracle\Java\javapath;%JAVA_HOME%\bin;C:\Windows\system32;C:\Windows;C:\Windows\System32\Wbem;C:\Windows\System32\WindowsPowerShell\v1.0\;C:\Windows\System32\OpenSSH\;C:\Program Files\Git\cmd;E:\Kafka\apache-zookeeper-3.8.4-bin\bin;C:\Program Files\Java\jdk-17\bin;C:\Program Files\Java\jdk-17\jdk-17.0.X\bin;C:\Program Files (x86)\Common Files\Oracle\Java\javapath;C:\Windows\system32;C:\Windows;C:\Windows\System32\Wbem;C:\Windows\System32\WindowsPowerShell\v1.0\;C:\Windows\System32\OpenSSH\;C:\Program Files\Git\cmd;E:\Kafka\apache-zookeeper-3.8.4-bin\bin;C:\Program Files\MySQL\MySQL Shell 8.0\bin\;C:\Users\ADMIN\AppData\Local\Microsoft\WindowsApps;C:\Program Files\MongoDB\mongosh-2.1.1-win32-x64\mongosh-2.1.1-win32-x64\bin;C:\Program Files\MongoDB\Server\7.0\bin;
USERNAME=Subham Kumar
OS=Windows_NT
PROCESSOR_IDENTIFIER=Intel64 Family 6 Model 58 Stepping 9, GenuineIntel



---------------  S Y S T E M  ---------------

OS:
 Windows 10 , 64 bit Build 19041 (10.0.19041.5915)
OS uptime: 0 days 14:52 hours

CPU: total 4 (initial active 4) (2 cores per cpu, 2 threads per core) family 6 model 58 stepping 9 microcode 0x21, cx8, cmov, fxsr, ht, mmx, sse, sse2, sse3, ssse3, sse4.1, sse4.2, popcnt, tsc, tscinvbit, avx, aes, erms, clmul, vzeroupper, clflush

Memory: 4k page, system-wide physical 3934M (305M free)
TotalPageFile size 16222M (AvailPageFile size 13M)
current process WorkingSet (physical memory assigned to process): 92M, peak: 233M
current process commit charge ("private bytes"): 243M, peak: 268M

vm_info: Java HotSpot(TM) 64-Bit Server VM (17.0.12+8-LTS-286) for windows-amd64 JRE (17.0.12+8-LTS-286), built on Jun  5 2024 06:46:59 by "mach5one" with MS VC++ 17.6 (VS2022)

END.
